  dxlib_ext_mesh_barrel.cpp
  dxlib_ext_mesh_box.cpp
  dxlib_ext_mesh_cone.cpp
  dxlib_ext_mesh_cone_cylinder.cpp
  dxlib_ext_mesh_cylinder.cpp
  dxlib_ext_mesh_disk.cpp
  dxlib_ext_mesh_disk_ring.cpp
  dxlib_ext_mesh_dome.cpp
  dxlib_ext_mesh_from_height_map.cpp
  dxlib_ext_mesh_half_barrel.cpp
  dxlib_ext_mesh_hollw_out_disk_plane.cpp
  dxlib_ext_mesh_obj.cpp
  dxlib_ext_mesh_plane.cpp
  dxlib_ext_mesh_sphere.cpp
  dxlib_ext_mesh_torus.cpp
  dxlib_ext_mesh_triangle_equilateral.cpp
  dxlib_ext_mesh_triangle_isosceles.cpp
  dxlib_ext_mesh_triangle_right.cpp
  dxlib_ext.cpp
  dxlib_ext_data.cpp
  コンパイル中...
  dxlib_ext_mesh.cpp
  dxlib_ext_texture.cpp
  OBJLoader.cpp
C:\Users\vantan\Documents\GitHub\rizumuRPG\program\dxlib_ext\OBJLoader.cpp(414,26): warning C4838: 'int' から 'unsigned int' への変換には縮小変換が必要です
C:\Users\vantan\Documents\GitHub\rizumuRPG\program\dxlib_ext\OBJLoader.cpp(414,39): warning C4838: 'int' から 'unsigned int' への変換には縮小変換が必要です
C:\Users\vantan\Documents\GitHub\rizumuRPG\program\dxlib_ext\OBJLoader.cpp(414,52): warning C4838: 'int' から 'unsigned int' への変換には縮小変換が必要です
C:\Users\vantan\Documents\GitHub\rizumuRPG\program\dxlib_ext\OBJLoader.cpp(458,33): warning C4267: '=': 'size_t' から 'unsigned int' に変換しました。データが失われているかもしれません。
C:\Users\vantan\Documents\GitHub\rizumuRPG\program\dxlib_ext\OBJLoader.cpp(488,35): warning C4267: '=': 'size_t' から 'unsigned int' に変換しました。データが失われているかもしれません。
C:\Users\vantan\Documents\GitHub\rizumuRPG\program\dxlib_ext\OBJLoader.cpp(531,31): warning C4267: '=': 'size_t' から 'int' に変換しました。データが失われているかもしれません。
C:\Users\vantan\Documents\GitHub\rizumuRPG\program\dxlib_ext\OBJLoader.cpp(546,33): warning C4267: '初期化中': 'size_t' から 'int' に変換しました。データが失われているかもしれません。
C:\Users\vantan\Documents\GitHub\rizumuRPG\program\dxlib_ext\OBJLoader.cpp(554,35): warning C4267: '=': 'size_t' から 'unsigned int' に変換しました。データが失われているかもしれません。
C:\Users\vantan\Documents\GitHub\rizumuRPG\program\dxlib_ext\OBJLoader.cpp(560,33): warning C4267: '=': 'size_t' から 'unsigned int' に変換しました。データが失われているかもしれません。
C:\Users\vantan\Documents\GitHub\rizumuRPG\program\dxlib_ext\OBJLoader.cpp(566,33): warning C4267: '=': 'size_t' から 'unsigned int' に変換しました。データが失われているかもしれません。
C:\Users\vantan\Documents\GitHub\rizumuRPG\program\dxlib_ext\OBJLoader.cpp(659,31): warning C4267: '=': 'size_t' から 'int' に変換しました。データが失われているかもしれません。
C:\Users\vantan\Documents\GitHub\rizumuRPG\program\dxlib_ext\OBJLoader.cpp(674,33): warning C4267: '初期化中': 'size_t' から 'int' に変換しました。データが失われているかもしれません。
C:\Users\vantan\Documents\GitHub\rizumuRPG\program\dxlib_ext\OBJLoader.cpp(682,33): warning C4267: '=': 'size_t' から 'unsigned int' に変換しました。データが失われているかもしれません。
C:\Users\vantan\Documents\GitHub\rizumuRPG\program\dxlib_ext\OBJLoader.cpp(807,37): warning C4267: '=': 'size_t' から 'unsigned int' に変換しました。データが失われているかもしれません。
  gm_3d_model.cpp
C:\Users\vantan\Documents\GitHub\rizumuRPG\program\game\3d_object\gm_3d_sprite.h(10,1): warning C4150: 'AnimSprite3D' 型を削除するため delete 演算子が呼び出されましたが、定義がありません。
C:\Users\vantan\Documents\GitHub\rizumuRPG\program\game\3d_object\gm_3d_sprite.h(4): message : 'AnimSprite3D' の宣言を確認してください
  gm_3d_sprite.cpp
C:\Users\vantan\Documents\GitHub\rizumuRPG\program\game\3d_object\gm_3d_sprite.h(10,1): warning C4150: 'AnimSprite3D' 型を削除するため delete 演算子が呼び出されましたが、定義がありません。
C:\Users\vantan\Documents\GitHub\rizumuRPG\program\game\3d_object\gm_3d_sprite.h(4): message : 'AnimSprite3D' の宣言を確認してください
  gm_bgm.cpp
  gm_boss.cpp
C:\Users\vantan\Documents\GitHub\rizumuRPG\program\game\gm_ui.h(92,43): warning C4244: '初期化中': 'float' から 'const int' への変換です。データが失われる可能性があります。
C:\Users\vantan\Documents\GitHub\rizumuRPG\program\game\gm_ui.h(97,40): warning C4244: '初期化中': 'float' から 'const int' への変換です。データが失われる可能性があります。
C:\Users\vantan\Documents\GitHub\rizumuRPG\program\game\gm_ui.h(98,41): warning C4244: '初期化中': 'float' から 'const int' への変換です。データが失われる可能性があります。
C:\Users\vantan\Documents\GitHub\rizumuRPG\program\game\gm_ui.h(103,40): warning C4244: '初期化中': 'float' から 'const int' への変換です。データが失われる可能性があります。
C:\Users\vantan\Documents\GitHub\rizumuRPG\program\game\gm_ui.h(104,41): warning C4244: '初期化中': 'float' から 'const int' への変換です。データが失われる可能性があります。
C:\Users\vantan\Documents\GitHub\rizumuRPG\program\game\gm_ui.h(117,43): warning C4244: '初期化中': 'float' から 'const int' への変換です。データが失われる可能性があります。
C:\Users\vantan\Documents\GitHub\rizumuRPG\program\game\gm_ui.h(118,43): warning C4244: '初期化中': 'float' から 'const int' への変換です。データが失われる可能性があります。
C:\Users\vantan\Documents\GitHub\rizumuRPG\program\game\gm_ui.h(119,43): warning C4244: '初期化中': 'float' から 'const int' への変換です。データが失われる可能性があります。
C:\Users\vantan\Documents\GitHub\rizumuRPG\program\game\gm_ui.h(120,43): warning C4244: '初期化中': 'float' から 'const int' への変換です。データが失われる可能性があります。
C:\Users\vantan\Documents\GitHub\rizumuRPG\program\game\gm_ui.h(121,43): warning C4244: '初期化中': 'float' から 'const int' への変換です。データが失われる可能性があります。
C:\Users\vantan\Documents\GitHub\rizumuRPG\program\game\gm_ui.h(122,43): warning C4244: '初期化中': 'float' から 'const int' への変換です。データが失われる可能性があります。
C:\Users\vantan\Documents\GitHub\rizumuRPG\program\game\gm_ui.h(123,43): warning C4244: '初期化中': 'float' から 'const int' への変換です。データが失われる可能性があります。
C:\Users\vantan\Documents\GitHub\rizumuRPG\program\game\gm_ui.h(124,43): warning C4244: '初期化中': 'float' から 'const int' への変換です。データが失われる可能性があります。
C:\Users\vantan\Documents\GitHub\rizumuRPG\program\game\gm_ui.h(125,41): warning C4244: '初期化中': 'float' から 'const int' への変換です。データが失われる可能性があります。
C:\Users\vantan\Documents\GitHub\rizumuRPG\program\game\gm_ui.h(127,42): warning C4244: '初期化中': 'float' から 'const int' への変換です。データが失われる可能性があります。
C:\Users\vantan\Documents\GitHub\rizumuRPG\program\game\gm_ui.h(128,42): warning C4244: '初期化中': 'float' から 'const int' への変換です。データが失われる可能性があります。
C:\Users\vantan\Documents\GitHub\rizumuRPG\program\game\gm_ui.h(129,48): warning C4244: '初期化中': 'float' から 'const int' への変換です。データが失われる可能性があります。
C:\Users\vantan\Documents\GitHub\rizumuRPG\program\game\gm_ui.h(130,48): warning C4244: '初期化中': 'float' から 'const int' への変換です。データが失われる可能性があります。
C:\Users\vantan\Documents\GitHub\rizumuRPG\program\game\gm_ui.h(147,47): warning C4244: '初期化中': 'float' から 'const int' への変換です。データが失われる可能性があります。
C:\Users\vantan\Documents\GitHub\rizumuRPG\program\game\gm_ui.h(148,46): warning C4244: '初期化中': 'float' から 'const int' への変換です。データが失われる可能性があります。
C:\Users\vantan\Documents\GitHub\rizumuRPG\program\game\gm_ui.h(152,46): warning C4244: '初期化中': 'float' から 'const int' への変換です。データが失われる可能性があります。
C:\Users\vantan\Documents\GitHub\rizumuRPG\program\game\gm_ui.h(168,44): warning C4244: '初期化中': 'float' から 'const int' への変換です。データが失われる可能性があります。
  gm_camera.cpp
  gm_field_ui.cpp
C:\Users\vantan\Documents\GitHub\rizumuRPG\program\game\3d_object\gm_3d_sprite.h(10,1): warning C4150: 'AnimSprite3D' 型を削除するため delete 演算子が呼び出されましたが、定義がありません。
C:\Users\vantan\Documents\GitHub\rizumuRPG\program\game\3d_object\gm_3d_sprite.h(4): message : 'AnimSprite3D' の宣言を確認してください
C:\Users\vantan\Documents\GitHub\rizumuRPG\program\game\gm_field_ui.cpp(44,33): warning C4244: '引数': 'const float' から 'int' への変換です。データが失われる可能性があります。
C:\Users\vantan\Documents\GitHub\rizumuRPG\program\game\gm_field_ui.cpp(44,17): warning C4244: '引数': 'const float' から 'int' への変換です。データが失われる可能性があります。
C:\Users\vantan\Documents\GitHub\rizumuRPG\program\game\gm_field_ui.cpp(45,34): warning C4244: '引数': 'const float' から 'int' への変換です。データが失われる可能性があります。
C:\Users\vantan\Documents\GitHub\rizumuRPG\program\game\gm_field_ui.cpp(45,22): warning C4244: '引数': 'const float' から 'int' への変換です。データが失われる可能性があります。
C:\Users\vantan\Documents\GitHub\rizumuRPG\program\game\gm_field_ui.cpp(50,65): warning C4244: '引数': 'const float' から 'int' への変換です。データが失われる可能性があります。
C:\Users\vantan\Documents\GitHub\rizumuRPG\program\game\gm_field_ui.cpp(50,48): warning C4244: '引数': 'const float' から 'int' への変換です。データが失われる可能性があります。
C:\Users\vantan\Documents\GitHub\rizumuRPG\program\game\gm_field_ui.cpp(50,31): warning C4244: '引数': 'const float' から 'int' への変換です。データが失われる可能性があります。
C:\Users\vantan\Documents\GitHub\rizumuRPG\program\game\gm_field_ui.cpp(50,14): warning C4244: '引数': 'const float' から 'int' への変換です。データが失われる可能性があります。
C:\Users\vantan\Documents\GitHub\rizumuRPG\program\game\gm_field_ui.cpp(51,62): warning C4244: '引数': 'const float' から 'int' への変換です。データが失われる可能性があります。
C:\Users\vantan\Documents\GitHub\rizumuRPG\program\game\gm_field_ui.cpp(51,46): warning C4244: '引数': 'const float' から 'int' への変換です。データが失われる可能性があります。
C:\Users\vantan\Documents\GitHub\rizumuRPG\program\game\gm_field_ui.cpp(51,30): warning C4244: '引数': 'const float' から 'int' への変換です。データが失われる可能性があります。
C:\Users\vantan\Documents\GitHub\rizumuRPG\program\game\gm_field_ui.cpp(51,14): warning C4244: '引数': 'const float' から 'int' への変換です。データが失われる可能性があります。
C:\Users\vantan\Documents\GitHub\rizumuRPG\program\game\gm_field_ui.cpp(53,43): warning C4244: '引数': 'const float' から 'int' への変換です。データが失われる可能性があります。
C:\Users\vantan\Documents\GitHub\rizumuRPG\program\game\gm_field_ui.cpp(53,23): warning C4244: '引数': 'const float' から 'int' への変換です。データが失われる可能性があります。
C:\Users\vantan\Documents\GitHub\rizumuRPG\program\game\gm_field_ui.cpp(57,54): warning C4244: '引数': 'const float' から 'int' への変換です。データが失われる可能性があります。
C:\Users\vantan\Documents\GitHub\rizumuRPG\program\game\gm_field_ui.cpp(57,40): warning C4244: '引数': 'const float' から 'int' への変換です。データが失われる可能性があります。
C:\Users\vantan\Documents\GitHub\rizumuRPG\program\game\gm_field_ui.cpp(58,54): warning C4244: '引数': 'const float' から 'int' への変換です。データが失われる可能性があります。
C:\Users\vantan\Documents\GitHub\rizumuRPG\program\game\gm_field_ui.cpp(58,40): warning C4244: '引数': 'const float' から 'int' への変換です。データが失われる可能性があります。
C:\Users\vantan\Documents\GitHub\rizumuRPG\program\game\gm_field_ui.cpp(59,54): warning C4244: '引数': 'const float' から 'int' への変換です。データが失われる可能性があります。
C:\Users\vantan\Documents\GitHub\rizumuRPG\program\game\gm_field_ui.cpp(59,40): warning C4244: '引数': 'const float' から 'int' への変換です。データが失われる可能性があります。
C:\Users\vantan\Documents\GitHub\rizumuRPG\program\game\gm_field_ui.cpp(60,54): warning C4244: '引数': 'const float' から 'int' への変換です。データが失われる可能性があります。
C:\Users\vantan\Documents\GitHub\rizumuRPG\program\game\gm_field_ui.cpp(60,40): warning C4244: '引数': 'const float' から 'int' への変換です。データが失われる可能性があります。
C:\Users\vantan\Documents\GitHub\rizumuRPG\program\game\gm_field_ui.cpp(61,54): warning C4244: '引数': 'const float' から 'int' への変換です。データが失われる可能性があります。
C:\Users\vantan\Documents\GitHub\rizumuRPG\program\game\gm_field_ui.cpp(61,40): warning C4244: '引数': 'const float' から 'int' への変換です。データが失われる可能性があります。
C:\Users\vantan\Documents\GitHub\rizumuRPG\program\game\gm_field_ui.cpp(62,54): warning C4244: '引数': 'const float' から 'int' への変換です。データが失われる可能性があります。
C:\Users\vantan\Documents\GitHub\rizumuRPG\program\game\gm_field_ui.cpp(62,40): warning C4244: '引数': 'const float' から 'int' への変換です。データが失われる可能性があります。
C:\Users\vantan\Documents\GitHub\rizumuRPG\program\game\gm_field_ui.cpp(63,54): warning C4244: '引数': 'const float' から 'int' への変換です。データが失われる可能性があります。
C:\Users\vantan\Documents\GitHub\rizumuRPG\program\game\gm_field_ui.cpp(63,40): warning C4244: '引数': 'const float' から 'int' への変換です。データが失われる可能性があります。
C:\Users\vantan\Documents\GitHub\rizumuRPG\program\game\gm_field_ui.cpp(64,54): warning C4244: '引数': 'const float' から 'int' への変換です。データが失われる可能性があります。
C:\Users\vantan\Documents\GitHub\rizumuRPG\program\game\gm_field_ui.cpp(64,40): warning C4244: '引数': 'const float' から 'int' への変換です。データが失われる可能性があります。
C:\Users\vantan\Documents\GitHub\rizumuRPG\program\game\gm_field_ui.cpp(65,54): warning C4244: '引数': 'const float' から 'int' への変換です。データが失われる可能性があります。
C:\Users\vantan\Documents\GitHub\rizumuRPG\program\game\gm_field_ui.cpp(65,40): warning C4244: '引数': 'const float' から 'int' への変換です。データが失われる可能性があります。
C:\Users\vantan\Documents\GitHub\rizumuRPG\program\game\gm_field_ui.cpp(66,54): warning C4244: '引数': 'const float' から 'int' への変換です。データが失われる可能性があります。
C:\Users\vantan\Documents\GitHub\rizumuRPG\program\game\gm_field_ui.cpp(66,40): warning C4244: '引数': 'const float' から 'int' への変換です。データが失われる可能性があります。
C:\Users\vantan\Documents\GitHub\rizumuRPG\program\game\gm_field_ui.cpp(67,54): warning C4244: '引数': 'const float' から 'int' への変換です。データが失われる可能性があります。
C:\Users\vantan\Documents\GitHub\rizumuRPG\program\game\gm_field_ui.cpp(67,40): warning C4244: '引数': 'const float' から 'int' への変換です。データが失われる可能性があります。
C:\Users\vantan\Documents\GitHub\rizumuRPG\program\game\gm_field_ui.cpp(68,54): warning C4244: '引数': 'const float' から 'int' への変換です。データが失われる可能性があります。
C:\Users\vantan\Documents\GitHub\rizumuRPG\program\game\gm_field_ui.cpp(68,40): warning C4244: '引数': 'const float' から 'int' への変換です。データが失われる可能性があります。
C:\Users\vantan\Documents\GitHub\rizumuRPG\program\game\gm_field_ui.cpp(72,48): warning C4244: '引数': 'const float' から 'int' への変換です。データが失われる可能性があります。
C:\Users\vantan\Documents\GitHub\rizumuRPG\program\game\gm_field_ui.cpp(72,34): warning C4244: '引数': 'const float' から 'int' への変換です。データが失われる可能性があります。
C:\Users\vantan\Documents\GitHub\rizumuRPG\program\game\gm_field_ui.cpp(73,48): warning C4244: '引数': 'const float' から 'int' への変換です。データが失われる可能性があります。
C:\Users\vantan\Documents\GitHub\rizumuRPG\program\game\gm_field_ui.cpp(73,34): warning C4244: '引数': 'const float' から 'int' への変換です。データが失われる可能性があります。
C:\Users\vantan\Documents\GitHub\rizumuRPG\program\game\gm_field_ui.cpp(74,48): warning C4244: '引数': 'const float' から 'int' への変換です。データが失われる可能性があります。
C:\Users\vantan\Documents\GitHub\rizumuRPG\program\game\gm_field_ui.cpp(74,34): warning C4244: '引数': 'const float' から 'int' への変換です。データが失われる可能性があります。
C:\Users\vantan\Documents\GitHub\rizumuRPG\program\game\gm_field_ui.cpp(75,48): warning C4244: '引数': 'const float' から 'int' への変換です。データが失われる可能性があります。
C:\Users\vantan\Documents\GitHub\rizumuRPG\program\game\gm_field_ui.cpp(75,34): warning C4244: '引数': 'const float' から 'int' への変換です。データが失われる可能性があります。
C:\Users\vantan\Documents\GitHub\rizumuRPG\program\game\gm_field_ui.cpp(76,81): warning C4244: '引数': 'const float' から 'int' への変換です。データが失われる可能性があります。
C:\Users\vantan\Documents\GitHub\rizumuRPG\program\game\gm_field_ui.cpp(76,67): warning C4244: '引数': 'const float' から 'int' への変換です。データが失われる可能性があります。
C:\Users\vantan\Documents\GitHub\rizumuRPG\program\game\gm_field_ui.cpp(77,48): warning C4244: '引数': 'const float' から 'int' への変換です。データが失われる可能性があります。
C:\Users\vantan\Documents\GitHub\rizumuRPG\program\game\gm_field_ui.cpp(77,29): warning C4244: '引数': 'const float' から 'int' への変換です。データが失われる可能性があります。
C:\Users\vantan\Documents\GitHub\rizumuRPG\program\game\gm_field_ui.cpp(78,48): warning C4244: '引数': 'const float' から 'int' への変換です。データが失われる可能性があります。
C:\Users\vantan\Documents\GitHub\rizumuRPG\program\game\gm_field_ui.cpp(78,29): warning C4244: '引数': 'const float' から 'int' への変換です。データが失われる可能性があります。
C:\Users\vantan\Documents\GitHub\rizumuRPG\program\game\gm_field_ui.cpp(79,48): warning C4244: '引数': 'const float' から 'int' への変換です。データが失われる可能性があります。
C:\Users\vantan\Documents\GitHub\rizumuRPG\program\game\gm_field_ui.cpp(79,29): warning C4244: '引数': 'const float' から 'int' への変換です。データが失われる可能性があります。
C:\Users\vantan\Documents\GitHub\rizumuRPG\program\game\gm_field_ui.cpp(80,48): warning C4244: '引数': 'const float' から 'int' への変換です。データが失われる可能性があります。
C:\Users\vantan\Documents\GitHub\rizumuRPG\program\game\gm_field_ui.cpp(80,29): warning C4244: '引数': 'const float' から 'int' への変換です。データが失われる可能性があります。
C:\Users\vantan\Documents\GitHub\rizumuRPG\program\game\gm_field_ui.cpp(81,81): warning C4244: '引数': 'const float' から 'int' への変換です。データが失われる可能性があります。
C:\Users\vantan\Documents\GitHub\rizumuRPG\program\game\gm_field_ui.cpp(81,62): warning C4244: '引数': 'const float' から 'int' への変換です。データが失われる可能性があります。
C:\Users\vantan\Documents\GitHub\rizumuRPG\program\game\gm_field_ui.cpp(83,60): warning C4244: '引数': 'const float' から 'int' への変換です。データが失われる可能性があります。
C:\Users\vantan\Documents\GitHub\rizumuRPG\program\game\gm_field_ui.cpp(83,45): warning C4244: '引数': 'const float' から 'int' への変換です。データが失われる可能性があります。
C:\Users\vantan\Documents\GitHub\rizumuRPG\program\game\gm_field_ui.cpp(83,30): warning C4244: '引数': 'const float' から 'int' への変換です。データが失われる可能性があります。
C:\Users\vantan\Documents\GitHub\rizumuRPG\program\game\gm_field_ui.cpp(83,15): warning C4244: '引数': 'const float' から 'int' への変換です。データが失われる可能性があります。
C:\Users\vantan\Documents\GitHub\rizumuRPG\program\game\gm_field_ui.cpp(84,47): warning C4244: '引数': 'const float' から 'int' への変換です。データが失われる可能性があります。
C:\Users\vantan\Documents\GitHub\rizumuRPG\program\game\gm_field_ui.cpp(84,23): warning C4244: '引数': 'const float' から 'int' への変換です。データが失われる可能性があります。
C:\Users\vantan\Documents\GitHub\rizumuRPG\program\game\gm_field_ui.cpp(85,47): warning C4244: '引数': 'const float' から 'int' への変換です。データが失われる可能性があります。
C:\Users\vantan\Documents\GitHub\rizumuRPG\program\game\gm_field_ui.cpp(85,23): warning C4244: '引数': 'const float' から 'int' への変換です。データが失われる可能性があります。
C:\Users\vantan\Documents\GitHub\rizumuRPG\program\game\gm_field_ui.cpp(86,47): warning C4244: '引数': 'const float' から 'int' への変換です。データが失われる可能性があります。
C:\Users\vantan\Documents\GitHub\rizumuRPG\program\game\gm_field_ui.cpp(86,23): warning C4244: '引数': 'const float' から 'int' への変換です。データが失われる可能性があります。
C:\Users\vantan\Documents\GitHub\rizumuRPG\program\game\gm_field_ui.cpp(90,68): warning C4244: '引数': 'const float' から 'int' への変換です。データが失われる可能性があります。
C:\Users\vantan\Documents\GitHub\rizumuRPG\program\game\gm_field_ui.cpp(90,54): warning C4244: '引数': 'const float' から 'int' への変換です。データが失われる可能性があります。
C:\Users\vantan\Documents\GitHub\rizumuRPG\program\game\gm_field_ui.cpp(91,68): warning C4244: '引数': 'const float' から 'int' への変換です。データが失われる可能性があります。
C:\Users\vantan\Documents\GitHub\rizumuRPG\program\game\gm_field_ui.cpp(91,54): warning C4244: '引数': 'const float' から 'int' への変換です。データが失われる可能性があります。
C:\Users\vantan\Documents\GitHub\rizumuRPG\program\game\gm_field_ui.cpp(92,68): warning C4244: '引数': 'const float' から 'int' への変換です。データが失われる可能性があります。
C:\Users\vantan\Documents\GitHub\rizumuRPG\program\game\gm_field_ui.cpp(92,54): warning C4244: '引数': 'const float' から 'int' への変換です。データが失われる可能性があります。
C:\Users\vantan\Documents\GitHub\rizumuRPG\program\game\gm_field_ui.cpp(93,68): warning C4244: '引数': 'const float' から 'int' への変換です。データが失われる可能性があります。
C:\Users\vantan\Documents\GitHub\rizumuRPG\program\game\gm_field_ui.cpp(93,54): warning C4244: '引数': 'const float' から 'int' への変換です。データが失われる可能性があります。
C:\Users\vantan\Documents\GitHub\rizumuRPG\program\game\gm_field_ui.cpp(94,68): warning C4244: '引数': 'const float' から 'int' への変換です。データが失われる可能性があります。
C:\Users\vantan\Documents\GitHub\rizumuRPG\program\game\gm_field_ui.cpp(94,54): warning C4244: '引数': 'const float' から 'int' への変換です。データが失われる可能性があります。
C:\Users\vantan\Documents\GitHub\rizumuRPG\program\game\gm_field_ui.cpp(97,61): warning C4244: '引数': 'const float' から 'int' への変換です。データが失われる可能性があります。
C:\Users\vantan\Documents\GitHub\rizumuRPG\program\game\gm_field_ui.cpp(97,46): warning C4244: '引数': 'const float' から 'int' への変換です。データが失われる可能性があります。
C:\Users\vantan\Documents\GitHub\rizumuRPG\program\game\gm_field_ui.cpp(97,31): warning C4244: '引数': 'const float' から 'int' への変換です。データが失われる可能性があります。
C:\Users\vantan\Documents\GitHub\rizumuRPG\program\game\gm_field_ui.cpp(97,16): warning C4244: '引数': 'const float' から 'int' への変換です。データが失われる可能性があります。
C:\Users\vantan\Documents\GitHub\rizumuRPG\program\game\gm_field_ui.cpp(98,48): warning C4244: '引数': 'const float' から 'int' への変換です。データが失われる可能性があります。
C:\Users\vantan\Documents\GitHub\rizumuRPG\program\game\gm_field_ui.cpp(98,24): warning C4244: '引数': 'const float' から 'int' への変換です。データが失われる可能性があります。
C:\Users\vantan\Documents\GitHub\rizumuRPG\program\game\gm_field_ui.cpp(99,48): warning C4244: '引数': 'const float' から 'int' への変換です。データが失われる可能性があります。
C:\Users\vantan\Documents\GitHub\rizumuRPG\program\game\gm_field_ui.cpp(99,24): warning C4244: '引数': 'const float' から 'int' への変換です。データが失われる可能性があります。
C:\Users\vantan\Documents\GitHub\rizumuRPG\program\game\gm_field_ui.cpp(101,68): warning C4244: '引数': 'const float' から 'int' への変換です。データが失われる可能性があります。
C:\Users\vantan\Documents\GitHub\rizumuRPG\program\game\gm_field_ui.cpp(101,54): warning C4244: '引数': 'const float' から 'int' への変換です。データが失われる可能性があります。
C:\Users\vantan\Documents\GitHub\rizumuRPG\program\game\gm_field_ui.cpp(107,65): warning C4244: '引数': 'const float' から 'int' への変換です。データが失われる可能性があります。
C:\Users\vantan\Documents\GitHub\rizumuRPG\program\game\gm_field_ui.cpp(107,48): warning C4244: '引数': 'const float' から 'int' への変換です。データが失われる可能性があります。
C:\Users\vantan\Documents\GitHub\rizumuRPG\program\game\gm_field_ui.cpp(107,31): warning C4244: '引数': 'const float' から 'int' への変換です。データが失われる可能性があります。
C:\Users\vantan\Documents\GitHub\rizumuRPG\program\game\gm_field_ui.cpp(107,14): warning C4244: '引数': 'const float' から 'int' への変換です。データが失われる可能性があります。
C:\Users\vantan\Documents\GitHub\rizumuRPG\program\game\gm_field_ui.cpp(108,38): warning C4244: '引数': 'const float' から 'int' への変換です。データが失われる可能性があります。
C:\Users\vantan\Documents\GitHub\rizumuRPG\program\game\gm_field_ui.cpp(108,28): warning C4244: '引数': 'const float' から 'int' への変換です。データが失われる可能性があります。
C:\Users\vantan\Documents\GitHub\rizumuRPG\program\game\gm_field_ui.cpp(109,65): warning C4244: '引数': 'const float' から 'int' への変換です。データが失われる可能性があります。
C:\Users\vantan\Documents\GitHub\rizumuRPG\program\game\gm_field_ui.cpp(109,48): warning C4244: '引数': 'const float' から 'int' への変換です。データが失われる可能性があります。
C:\Users\vantan\Documents\GitHub\rizumuRPG\program\game\gm_field_ui.cpp(109,31): warning C4244: '引数': 'const float' から 'int' への変換です。データが失われる可能性があります。
C:\Users\vantan\Documents\GitHub\rizumuRPG\program\game\gm_field_ui.cpp(109,14): warning C4244: '引数': 'const float' から 'int' への変換です。データが失われる可能性があります。
C:\Users\vantan\Documents\GitHub\rizumuRPG\program\game\gm_field_ui.cpp(110,62): warning C4244: '引数': 'const float' から 'int' への変換です。データが失われる可能性があります。
C:\Users\vantan\Documents\GitHub\rizumuRPG\program\game\gm_field_ui.cpp(110,46): warning C4244: '引数': 'const float' から 'int' への変換です。データが失われる可能性があります。
C:\Users\vantan\Documents\GitHub\rizumuRPG\program\game\gm_field_ui.cpp(110,30): warning C4244: '引数': 'const float' から 'int' への変換です。データが失われる可能性があります。
C:\Users\vantan\Documents\GitHub\rizumuRPG\program\game\gm_field_ui.cpp(110,14): warning C4244: '引数': 'const float' から 'int' への変換です。データが失われる可能性があります。
C:\Users\vantan\Documents\GitHub\rizumuRPG\program\game\gm_field_ui.cpp(112,43): warning C4244: '引数': 'const float' から 'int' への変換です。データが失われる可能性があります。
C:\Users\vantan\Documents\GitHub\rizumuRPG\program\game\gm_field_ui.cpp(112,23): warning C4244: '引数': 'const float' から 'int' への変換です。データが失われる可能性があります。
C:\Users\vantan\Documents\GitHub\rizumuRPG\program\game\gm_field_ui.cpp(117,49): warning C4244: '引数': 'const float' から 'int' への変換です。データが失われる可能性があります。
C:\Users\vantan\Documents\GitHub\rizumuRPG\program\game\gm_field_ui.cpp(117,35): warning C4244: '引数': 'const float' から 'int' への変換です。データが失われる可能性があります。
C:\Users\vantan\Documents\GitHub\rizumuRPG\program\game\gm_field_ui.cpp(118,49): warning C4244: '引数': 'const float' から 'int' への変換です。データが失われる可能性があります。
C:\Users\vantan\Documents\GitHub\rizumuRPG\program\game\gm_field_ui.cpp(118,30): warning C4244: '引数': 'const float' から 'int' への変換です。データが失われる可能性があります。
C:\Users\vantan\Documents\GitHub\rizumuRPG\program\game\gm_field_ui.cpp(121,60): warning C4244: '引数': 'const float' から 'int' への変換です。データが失われる可能性があります。
C:\Users\vantan\Documents\GitHub\rizumuRPG\program\game\gm_field_ui.cpp(121,45): warning C4244: '引数': 'const float' から 'int' への変換です。データが失われる可能性があります。
C:\Users\vantan\Documents\GitHub\rizumuRPG\program\game\gm_field_ui.cpp(121,30): warning C4244: '引数': 'const float' から 'int' への変換です。データが失われる可能性があります。
C:\Users\vantan\Documents\GitHub\rizumuRPG\program\game\gm_field_ui.cpp(121,15): warning C4244: '引数': 'const float' から 'int' への変換です。データが失われる可能性があります。
C:\Users\vantan\Documents\GitHub\rizumuRPG\program\game\gm_field_ui.cpp(122,47): warning C4244: '引数': 'const float' から 'int' への変換です。データが失われる可能性があります。
C:\Users\vantan\Documents\GitHub\rizumuRPG\program\game\gm_field_ui.cpp(122,23): warning C4244: '引数': 'const float' から 'int' への変換です。データが失われる可能性があります。
C:\Users\vantan\Documents\GitHub\rizumuRPG\program\game\gm_field_ui.cpp(123,47): warning C4244: '引数': 'const float' から 'int' への変換です。データが失われる可能性があります。
C:\Users\vantan\Documents\GitHub\rizumuRPG\program\game\gm_field_ui.cpp(123,23): warning C4244: '引数': 'const float' から 'int' への変換です。データが失われる可能性があります。
C:\Users\vantan\Documents\GitHub\rizumuRPG\program\game\gm_field_ui.cpp(126,35): warning C4244: '引数': 'const float' から 'int' への変換です。データが失われる可能性があります。
C:\Users\vantan\Documents\GitHub\rizumuRPG\program\game\gm_field_ui.cpp(126,19): warning C4244: '引数': 'const float' から 'int' への変換です。データが失われる可能性があります。
C:\Users\vantan\Documents\GitHub\rizumuRPG\program\game\gm_field_ui.cpp(127,36): warning C4244: '引数': 'const float' から 'int' への変換です。データが失われる可能性があります。
C:\Users\vantan\Documents\GitHub\rizumuRPG\program\game\gm_field_ui.cpp(127,24): warning C4244: '引数': 'const float' から 'int' への変換です。データが失われる可能性があります。
C:\Users\vantan\Documents\GitHub\rizumuRPG\program\game\gm_field_ui.cpp(130,41): warning C4244: '引数': 'const float' から 'int' への変換です。データが失われる可能性があります。
C:\Users\vantan\Documents\GitHub\rizumuRPG\program\game\gm_field_ui.cpp(130,38): warning C4244: '引数': 'const float' から 'int' への変換です。データが失われる可能性があります。
C:\Users\vantan\Documents\GitHub\rizumuRPG\program\game\gm_field_ui.cpp(131,41): warning C4244: '引数': 'const float' から 'int' への変換です。データが失われる可能性があります。
C:\Users\vantan\Documents\GitHub\rizumuRPG\program\game\gm_field_ui.cpp(131,38): warning C4244: '引数': 'const float' から 'int' への変換です。データが失われる可能性があります。
C:\Users\vantan\Documents\GitHub\rizumuRPG\program\game\gm_field_ui.cpp(134,41): warning C4244: '引数': 'const float' から 'int' への変換です。データが失われる可能性があります。
C:\Users\vantan\Documents\GitHub\rizumuRPG\program\game\gm_field_ui.cpp(134,38): warning C4244: '引数': 'const float' から 'int' への変換です。データが失われる可能性があります。
C:\Users\vantan\Documents\GitHub\rizumuRPG\program\game\gm_field_ui.cpp(135,41): warning C4244: '引数': 'const float' から 'int' への変換です。データが失われる可能性があります。
C:\Users\vantan\Documents\GitHub\rizumuRPG\program\game\gm_field_ui.cpp(135,38): warning C4244: '引数': 'const float' から 'int' への変換です。データが失われる可能性があります。
C:\Users\vantan\Documents\GitHub\rizumuRPG\program\game\gm_field_ui.cpp(137,38): warning C4244: '引数': 'const float' から 'int' への変換です。データが失われる可能性があります。
C:\Users\vantan\Documents\GitHub\rizumuRPG\program\game\gm_field_ui.cpp(137,35): warning C4244: '引数': 'const float' から 'int' への変換です。データが失われる可能性があります。
C:\Users\vantan\Documents\GitHub\rizumuRPG\program\game\gm_field_ui.cpp(138,38): warning C4244: '引数': 'const float' から 'int' への変換です。データが失われる可能性があります。
C:\Users\vantan\Documents\GitHub\rizumuRPG\program\game\gm_field_ui.cpp(138,35): warning C4244: '引数': 'const float' から 'int' への変換です。データが失われる可能性があります。
C:\Users\vantan\Documents\GitHub\rizumuRPG\program\game\gm_field_ui.cpp(146,50): warning C4244: '引数': 'const float' から 'int' への変換です。データが失われる可能性があります。
C:\Users\vantan\Documents\GitHub\rizumuRPG\program\game\gm_field_ui.cpp(146,36): warning C4244: '引数': 'const float' から 'int' への変換です。データが失われる可能性があります。
C:\Users\vantan\Documents\GitHub\rizumuRPG\program\game\gm_field_ui.cpp(147,50): warning C4244: '引数': 'const float' から 'int' への変換です。データが失われる可能性があります。
C:\Users\vantan\Documents\GitHub\rizumuRPG\program\game\gm_field_ui.cpp(147,31): warning C4244: '引数': 'const float' から 'int' への変換です。データが失われる可能性があります。
C:\Users\vantan\Documents\GitHub\rizumuRPG\program\game\gm_field_ui.cpp(151,49): warning C4244: '引数': 'const float' から 'int' への変換です。データが失われる可能性があります。
C:\Users\vantan\Documents\GitHub\rizumuRPG\program\game\gm_field_ui.cpp(151,35): warning C4244: '引数': 'const float' から 'int' への変換です。データが失われる可能性があります。
C:\Users\vantan\Documents\GitHub\rizumuRPG\program\game\gm_field_ui.cpp(155,35): warning C4244: '引数': 'const float' から 'int' への変換です。データが失われる可能性があります。
C:\Users\vantan\Documents\GitHub\rizumuRPG\program\game\gm_field_ui.cpp(155,19): warning C4244: '引数': 'const float' から 'int' への変換です。データが失われる可能性があります。
C:\Users\vantan\Documents\GitHub\rizumuRPG\program\game\gm_field_ui.cpp(156,36): warning C4244: '引数': 'const float' から 'int' への変換です。データが失われる可能性があります。
C:\Users\vantan\Documents\GitHub\rizumuRPG\program\game\gm_field_ui.cpp(156,24): warning C4244: '引数': 'const float' から 'int' への変換です。データが失われる可能性があります。
C:\Users\vantan\Documents\GitHub\rizumuRPG\program\game\gm_field_ui.cpp(159,41): warning C4244: '引数': 'const float' から 'int' への変換です。データが失われる可能性があります。
C:\Users\vantan\Documents\GitHub\rizumuRPG\program\game\gm_field_ui.cpp(159,38): warning C4244: '引数': 'const float' から 'int' への変換です。データが失われる可能性があります。
C:\Users\vantan\Documents\GitHub\rizumuRPG\program\game\gm_field_ui.cpp(160,41): warning C4244: '引数': 'const float' から 'int' への変換です。データが失われる可能性があります。
C:\Users\vantan\Documents\GitHub\rizumuRPG\program\game\gm_field_ui.cpp(160,38): warning C4244: '引数': 'const float' から 'int' への変換です。データが失われる可能性があります。
C:\Users\vantan\Documents\GitHub\rizumuRPG\program\game\gm_field_ui.cpp(163,41): warning C4244: '引数': 'const float' から 'int' への変換です。データが失われる可能性があります。
C:\Users\vantan\Documents\GitHub\rizumuRPG\program\game\gm_field_ui.cpp(163,38): warning C4244: '引数': 'const float' から 'int' への変換です。データが失われる可能性があります。
C:\Users\vantan\Documents\GitHub\rizumuRPG\program\game\gm_field_ui.cpp(164,41): warning C4244: '引数': 'const float' から 'int' への変換です。データが失われる可能性があります。
C:\Users\vantan\Documents\GitHub\rizumuRPG\program\game\gm_field_ui.cpp(164,38): warning C4244: '引数': 'const float' から 'int' への変換です。データが失われる可能性があります。
C:\Users\vantan\Documents\GitHub\rizumuRPG\program\game\gm_field_ui.cpp(166,38): warning C4244: '引数': 'const float' から 'int' への変換です。データが失われる可能性があります。
C:\Users\vantan\Documents\GitHub\rizumuRPG\program\game\gm_field_ui.cpp(166,35): warning C4244: '引数': 'const float' から 'int' への変換です。データが失われる可能性があります。
C:\Users\vantan\Documents\GitHub\rizumuRPG\program\game\gm_field_ui.cpp(167,38): warning C4244: '引数': 'const float' から 'int' への変換です。データが失われる可能性があります。
C:\Users\vantan\Documents\GitHub\rizumuRPG\program\game\gm_field_ui.cpp(167,35): warning C4244: '引数': 'const float' から 'int' への変換です。データが失われる可能性があります。
  gm_item.cpp
  gm_main.cpp
  gm_make_sheet.cpp
  gm_manager.cpp
  gm_sheet_music.cpp
C:\Users\vantan\Documents\GitHub\rizumuRPG\program\game\gm_ui.h(92,43): warning C4244: '初期化中': 'float' から 'const int' への変換です。データが失われる可能性があります。
C:\Users\vantan\Documents\GitHub\rizumuRPG\program\game\gm_ui.h(97,40): warning C4244: '初期化中': 'float' から 'const int' への変換です。データが失われる可能性があります。
C:\Users\vantan\Documents\GitHub\rizumuRPG\program\game\gm_ui.h(98,41): warning C4244: '初期化中': 'float' から 'const int' への変換です。データが失われる可能性があります。
C:\Users\vantan\Documents\GitHub\rizumuRPG\program\game\gm_ui.h(103,40): warning C4244: '初期化中': 'float' から 'const int' への変換です。データが失われる可能性があります。
C:\Users\vantan\Documents\GitHub\rizumuRPG\program\game\gm_ui.h(104,41): warning C4244: '初期化中': 'float' から 'const int' への変換です。データが失われる可能性があります。
C:\Users\vantan\Documents\GitHub\rizumuRPG\program\game\gm_ui.h(117,43): warning C4244: '初期化中': 'float' から 'const int' への変換です。データが失われる可能性があります。
C:\Users\vantan\Documents\GitHub\rizumuRPG\program\game\gm_ui.h(118,43): warning C4244: '初期化中': 'float' から 'const int' への変換です。データが失われる可能性があります。
C:\Users\vantan\Documents\GitHub\rizumuRPG\program\game\gm_ui.h(119,43): warning C4244: '初期化中': 'float' から 'const int' への変換です。データが失われる可能性があります。
C:\Users\vantan\Documents\GitHub\rizumuRPG\program\game\gm_ui.h(120,43): warning C4244: '初期化中': 'float' から 'const int' への変換です。データが失われる可能性があります。
C:\Users\vantan\Documents\GitHub\rizumuRPG\program\game\gm_ui.h(121,43): warning C4244: '初期化中': 'float' から 'const int' への変換です。データが失われる可能性があります。
C:\Users\vantan\Documents\GitHub\rizumuRPG\program\game\gm_ui.h(122,43): warning C4244: '初期化中': 'float' から 'const int' への変換です。データが失われる可能性があります。
C:\Users\vantan\Documents\GitHub\rizumuRPG\program\game\gm_ui.h(123,43): warning C4244: '初期化中': 'float' から 'const int' への変換です。データが失われる可能性があります。
C:\Users\vantan\Documents\GitHub\rizumuRPG\program\game\gm_ui.h(124,43): warning C4244: '初期化中': 'float' から 'const int' への変換です。データが失われる可能性があります。
C:\Users\vantan\Documents\GitHub\rizumuRPG\program\game\gm_ui.h(125,41): warning C4244: '初期化中': 'float' から 'const int' への変換です。データが失われる可能性があります。
C:\Users\vantan\Documents\GitHub\rizumuRPG\program\game\gm_ui.h(127,42): warning C4244: '初期化中': 'float' から 'const int' への変換です。データが失われる可能性があります。
C:\Users\vantan\Documents\GitHub\rizumuRPG\program\game\gm_ui.h(128,42): warning C4244: '初期化中': 'float' から 'const int' への変換です。データが失われる可能性があります。
C:\Users\vantan\Documents\GitHub\rizumuRPG\program\game\gm_ui.h(129,48): warning C4244: '初期化中': 'float' から 'const int' への変換です。データが失われる可能性があります。
C:\Users\vantan\Documents\GitHub\rizumuRPG\program\game\gm_ui.h(130,48): warning C4244: '初期化中': 'float' から 'const int' への変換です。データが失われる可能性があります。
C:\Users\vantan\Documents\GitHub\rizumuRPG\program\game\gm_ui.h(147,47): warning C4244: '初期化中': 'float' から 'const int' への変換です。データが失われる可能性があります。
C:\Users\vantan\Documents\GitHub\rizumuRPG\program\game\gm_ui.h(148,46): warning C4244: '初期化中': 'float' から 'const int' への変換です。データが失われる可能性があります。
C:\Users\vantan\Documents\GitHub\rizumuRPG\program\game\gm_ui.h(152,46): warning C4244: '初期化中': 'float' から 'const int' への変換です。データが失われる可能性があります。
C:\Users\vantan\Documents\GitHub\rizumuRPG\program\game\gm_ui.h(168,44): warning C4244: '初期化中': 'float' から 'const int' への変換です。データが失われる可能性があります。
C:\Users\vantan\Documents\GitHub\rizumuRPG\program\game\gm_sheet_music.cpp(75,23): warning C4267: '=': 'size_t' から 'int' に変換しました。データが失われているかもしれません。
  gm_ui.cpp
C:\Users\vantan\Documents\GitHub\rizumuRPG\program\game\gm_ui.h(92,43): warning C4244: '初期化中': 'float' から 'const int' への変換です。データが失われる可能性があります。
C:\Users\vantan\Documents\GitHub\rizumuRPG\program\game\gm_ui.h(97,40): warning C4244: '初期化中': 'float' から 'const int' への変換です。データが失われる可能性があります。
C:\Users\vantan\Documents\GitHub\rizumuRPG\program\game\gm_ui.h(98,41): warning C4244: '初期化中': 'float' から 'const int' への変換です。データが失われる可能性があります。
C:\Users\vantan\Documents\GitHub\rizumuRPG\program\game\gm_ui.h(103,40): warning C4244: '初期化中': 'float' から 'const int' への変換です。データが失われる可能性があります。
C:\Users\vantan\Documents\GitHub\rizumuRPG\program\game\gm_ui.h(104,41): warning C4244: '初期化中': 'float' から 'const int' への変換です。データが失われる可能性があります。
C:\Users\vantan\Documents\GitHub\rizumuRPG\program\game\gm_ui.h(117,43): warning C4244: '初期化中': 'float' から 'const int' への変換です。データが失われる可能性があります。
C:\Users\vantan\Documents\GitHub\rizumuRPG\program\game\gm_ui.h(118,43): warning C4244: '初期化中': 'float' から 'const int' への変換です。データが失われる可能性があります。
C:\Users\vantan\Documents\GitHub\rizumuRPG\program\game\gm_ui.h(119,43): warning C4244: '初期化中': 'float' から 'const int' への変換です。データが失われる可能性があります。
C:\Users\vantan\Documents\GitHub\rizumuRPG\program\game\gm_ui.h(120,43): warning C4244: '初期化中': 'float' から 'const int' への変換です。データが失われる可能性があります。
C:\Users\vantan\Documents\GitHub\rizumuRPG\program\game\gm_ui.h(121,43): warning C4244: '初期化中': 'float' から 'const int' への変換です。データが失われる可能性があります。
C:\Users\vantan\Documents\GitHub\rizumuRPG\program\game\gm_ui.h(122,43): warning C4244: '初期化中': 'float' から 'const int' への変換です。データが失われる可能性があります。
C:\Users\vantan\Documents\GitHub\rizumuRPG\program\game\gm_ui.h(123,43): warning C4244: '初期化中': 'float' から 'const int' への変換です。データが失われる可能性があります。
C:\Users\vantan\Documents\GitHub\rizumuRPG\program\game\gm_ui.h(124,43): warning C4244: '初期化中': 'float' から 'const int' への変換です。データが失われる可能性があります。
C:\Users\vantan\Documents\GitHub\rizumuRPG\program\game\gm_ui.h(125,41): warning C4244: '初期化中': 'float' から 'const int' への変換です。データが失われる可能性があります。
C:\Users\vantan\Documents\GitHub\rizumuRPG\program\game\gm_ui.h(127,42): warning C4244: '初期化中': 'float' から 'const int' への変換です。データが失われる可能性があります。
C:\Users\vantan\Documents\GitHub\rizumuRPG\program\game\gm_ui.h(128,42): warning C4244: '初期化中': 'float' から 'const int' への変換です。データが失われる可能性があります。
C:\Users\vantan\Documents\GitHub\rizumuRPG\program\game\gm_ui.h(129,48): warning C4244: '初期化中': 'float' から 'const int' への変換です。データが失われる可能性があります。
C:\Users\vantan\Documents\GitHub\rizumuRPG\program\game\gm_ui.h(130,48): warning C4244: '初期化中': 'float' から 'const int' への変換です。データが失われる可能性があります。
C:\Users\vantan\Documents\GitHub\rizumuRPG\program\game\gm_ui.h(147,47): warning C4244: '初期化中': 'float' から 'const int' への変換です。データが失われる可能性があります。
C:\Users\vantan\Documents\GitHub\rizumuRPG\program\game\gm_ui.h(148,46): warning C4244: '初期化中': 'float' から 'const int' への変換です。データが失われる可能性があります。
C:\Users\vantan\Documents\GitHub\rizumuRPG\program\game\gm_ui.h(152,46): warning C4244: '初期化中': 'float' から 'const int' への変換です。データが失われる可能性があります。
C:\Users\vantan\Documents\GitHub\rizumuRPG\program\game\gm_ui.h(168,44): warning C4244: '初期化中': 'float' から 'const int' への変換です。データが失われる可能性があります。
C:\Users\vantan\Documents\GitHub\rizumuRPG\program\game\gm_ui.cpp(91,139): warning C4267: '引数': 'size_t' から 'int' に変換しました。データが失われているかもしれません。
C:\Users\vantan\Documents\GitHub\rizumuRPG\program\game\gm_ui.cpp(102,183): warning C4244: '引数': 'float' から 'int' への変換です。データが失われる可能性があります。
C:\Users\vantan\Documents\GitHub\rizumuRPG\program\game\gm_ui.cpp(102,113): warning C4244: '引数': 'float' から 'int' への変換です。データが失われる可能性があります。
C:\Users\vantan\Documents\GitHub\rizumuRPG\program\game\gm_ui.cpp(103,57): warning C4244: '引数': 'float' から 'int' への変換です。データが失われる可能性があります。
C:\Users\vantan\Documents\GitHub\rizumuRPG\program\game\gm_ui.cpp(104,57): warning C4244: '引数': 'float' から 'int' への変換です。データが失われる可能性があります。
C:\Users\vantan\Documents\GitHub\rizumuRPG\program\game\gm_ui.cpp(105,57): warning C4244: '引数': 'float' から 'int' への変換です。データが失われる可能性があります。
C:\Users\vantan\Documents\GitHub\rizumuRPG\program\game\gm_ui.cpp(106,57): warning C4244: '引数': 'float' から 'int' への変換です。データが失われる可能性があります。
C:\Users\vantan\Documents\GitHub\rizumuRPG\program\game\gm_ui.cpp(110,57): warning C4244: '引数': 'float' から 'int' への変換です。データが失われる可能性があります。
C:\Users\vantan\Documents\GitHub\rizumuRPG\program\game\gm_ui.cpp(111,57): warning C4244: '引数': 'float' から 'int' への変換です。データが失われる可能性があります。
C:\Users\vantan\Documents\GitHub\rizumuRPG\program\game\gm_ui.cpp(114,58): warning C4244: '引数': 'float' から 'int' への変換です。データが失われる可能性があります。
C:\Users\vantan\Documents\GitHub\rizumuRPG\program\game\gm_ui.cpp(115,58): warning C4244: '引数': 'float' から 'int' への変換です。データが失われる可能性があります。
C:\Users\vantan\Documents\GitHub\rizumuRPG\program\game\gm_ui.cpp(116,58): warning C4244: '引数': 'float' から 'int' への変換です。データが失われる可能性があります。
C:\Users\vantan\Documents\GitHub\rizumuRPG\program\game\gm_ui.cpp(117,64): warning C4244: '引数': 'float' から 'int' への変換です。データが失われる可能性があります。
C:\Users\vantan\Documents\GitHub\rizumuRPG\program\game\gm_ui.cpp(121,57): warning C4244: '引数': 'float' から 'int' への変換です。データが失われる可能性があります。
C:\Users\vantan\Documents\GitHub\rizumuRPG\program\game\gm_ui.cpp(122,57): warning C4244: '引数': 'float' から 'int' への変換です。データが失われる可能性があります。
C:\Users\vantan\Documents\GitHub\rizumuRPG\program\game\gm_ui.cpp(123,90): warning C4244: '引数': 'float' から 'int' への変換です。データが失われる可能性があります。
C:\Users\vantan\Documents\GitHub\rizumuRPG\program\game\gm_ui.cpp(124,90): warning C4244: '引数': 'float' から 'int' への変換です。データが失われる可能性があります。
C:\Users\vantan\Documents\GitHub\rizumuRPG\program\game\gm_ui.cpp(127,58): warning C4244: '引数': 'float' から 'int' への変換です。データが失われる可能性があります。
C:\Users\vantan\Documents\GitHub\rizumuRPG\program\game\gm_ui.cpp(128,58): warning C4244: '引数': 'float' から 'int' への変換です。データが失われる可能性があります。
C:\Users\vantan\Documents\GitHub\rizumuRPG\program\game\gm_ui.cpp(129,58): warning C4244: '引数': 'float' から 'int' への変換です。データが失われる可能性があります。
C:\Users\vantan\Documents\GitHub\rizumuRPG\program\game\gm_ui.cpp(130,64): warning C4244: '引数': 'float' から 'int' への変換です。データが失われる可能性があります。
C:\Users\vantan\Documents\GitHub\rizumuRPG\program\game\gm_ui.cpp(134,85): warning C4244: '引数': 'float' から 'int' への変換です。データが失われる可能性があります。
C:\Users\vantan\Documents\GitHub\rizumuRPG\program\game\gm_ui.cpp(135,85): warning C4244: '引数': 'float' から 'int' への変換です。データが失われる可能性があります。
C:\Users\vantan\Documents\GitHub\rizumuRPG\program\game\gm_ui.cpp(136,85): warning C4244: '引数': 'float' から 'int' への変換です。データが失われる可能性があります。
C:\Users\vantan\Documents\GitHub\rizumuRPG\program\game\gm_ui.cpp(137,85): warning C4244: '引数': 'float' から 'int' への変換です。データが失われる可能性があります。
C:\Users\vantan\Documents\GitHub\rizumuRPG\program\game\gm_ui.cpp(140,58): warning C4244: '引数': 'float' から 'int' への変換です。データが失われる可能性があります。
C:\Users\vantan\Documents\GitHub\rizumuRPG\program\game\gm_ui.cpp(141,58): warning C4244: '引数': 'float' から 'int' への変換です。データが失われる可能性があります。
C:\Users\vantan\Documents\GitHub\rizumuRPG\program\game\gm_ui.cpp(144,58): warning C4244: '引数': 'float' から 'int' への変換です。データが失われる可能性があります。
C:\Users\vantan\Documents\GitHub\rizumuRPG\program\game\gm_ui.cpp(245,15): warning C4244: '初期化中': 'double' から 'int' への変換です。データが失われる可能性があります。
C:\Users\vantan\Documents\GitHub\rizumuRPG\program\game\gm_ui.cpp(246,15): warning C4244: '初期化中': 'double' から 'int' への変換です。データが失われる可能性があります。
C:\Users\vantan\Documents\GitHub\rizumuRPG\program\game\gm_ui.cpp(247,15): warning C4244: '初期化中': 'double' から 'int' への変換です。データが失われる可能性があります。
C:\Users\vantan\Documents\GitHub\rizumuRPG\program\game\gm_ui.cpp(248,15): warning C4244: '初期化中': 'double' から 'int' への変換です。データが失われる可能性があります。
C:\Users\vantan\Documents\GitHub\rizumuRPG\program\game\gm_ui.cpp(255,15): warning C4244: '初期化中': 'double' から 'int' への変換です。データが失われる可能性があります。
C:\Users\vantan\Documents\GitHub\rizumuRPG\program\game\gm_ui.cpp(256,15): warning C4244: '初期化中': 'double' から 'int' への変換です。データが失われる可能性があります。
C:\Users\vantan\Documents\GitHub\rizumuRPG\program\game\gm_ui.cpp(257,15): warning C4244: '初期化中': 'double' から 'int' への変換です。データが失われる可能性があります。
C:\Users\vantan\Documents\GitHub\rizumuRPG\program\game\gm_ui.cpp(258,15): warning C4244: '初期化中': 'double' から 'int' への変換です。データが失われる可能性があります。
C:\Users\vantan\Documents\GitHub\rizumuRPG\program\game\gm_ui.cpp(307,39): warning C4244: '引数': 'float' から 'int' への変換です。データが失われる可能性があります。
C:\Users\vantan\Documents\GitHub\rizumuRPG\program\game\gm_ui.cpp(307,36): warning C4244: '引数': 'const float' から 'int' への変換です。データが失われる可能性があります。
C:\Users\vantan\Documents\GitHub\rizumuRPG\program\game\gm_ui.cpp(310,39): warning C4244: '引数': 'float' から 'int' への変換です。データが失われる可能性があります。
C:\Users\vantan\Documents\GitHub\rizumuRPG\program\game\gm_ui.cpp(310,36): warning C4244: '引数': 'const float' から 'int' への変換です。データが失われる可能性があります。
C:\Users\vantan\Documents\GitHub\rizumuRPG\program\game\gm_ui.cpp(313,39): warning C4244: '引数': 'float' から 'int' への変換です。データが失われる可能性があります。
C:\Users\vantan\Documents\GitHub\rizumuRPG\program\game\gm_ui.cpp(313,36): warning C4244: '引数': 'const float' から 'int' への変換です。データが失われる可能性があります。
C:\Users\vantan\Documents\GitHub\rizumuRPG\program\game\gm_ui.cpp(332,46): warning C4244: '引数': 'float' から 'int' への変換です。データが失われる可能性があります。
C:\Users\vantan\Documents\GitHub\rizumuRPG\program\game\gm_ui.cpp(332,43): warning C4244: '引数': 'const float' から 'int' への変換です。データが失われる可能性があります。
C:\Users\vantan\Documents\GitHub\rizumuRPG\program\game\gm_ui.cpp(335,46): warning C4244: '引数': 'float' から 'int' への変換です。データが失われる可能性があります。
C:\Users\vantan\Documents\GitHub\rizumuRPG\program\game\gm_ui.cpp(335,43): warning C4244: '引数': 'const float' から 'int' への変換です。データが失われる可能性があります。
C:\Users\vantan\Documents\GitHub\rizumuRPG\program\game\gm_ui.cpp(353,46): warning C4244: '引数': 'float' から 'int' への変換です。データが失われる可能性があります。
C:\Users\vantan\Documents\GitHub\rizumuRPG\program\game\gm_ui.cpp(353,43): warning C4244: '引数': 'const float' から 'int' への変換です。データが失われる可能性があります。
C:\Users\vantan\Documents\GitHub\rizumuRPG\program\game\gm_ui.cpp(356,46): warning C4244: '引数': 'float' から 'int' への変換です。データが失われる可能性があります。
C:\Users\vantan\Documents\GitHub\rizumuRPG\program\game\gm_ui.cpp(356,43): warning C4244: '引数': 'const float' から 'int' への変換です。データが失われる可能性があります。
C:\Users\vantan\Documents\GitHub\rizumuRPG\program\game\gm_ui.cpp(359,46): warning C4244: '引数': 'float' から 'int' への変換です。データが失われる可能性があります。
C:\Users\vantan\Documents\GitHub\rizumuRPG\program\game\gm_ui.cpp(359,43): warning C4244: '引数': 'const float' から 'int' への変換です。データが失われる可能性があります。
C:\Users\vantan\Documents\GitHub\rizumuRPG\program\game\gm_ui.cpp(362,46): warning C4244: '引数': 'float' から 'int' への変換です。データが失われる可能性があります。
C:\Users\vantan\Documents\GitHub\rizumuRPG\program\game\gm_ui.cpp(362,43): warning C4244: '引数': 'const float' から 'int' への変換です。データが失われる可能性があります。
C:\Users\vantan\Documents\GitHub\rizumuRPG\program\game\gm_ui.cpp(383,49): warning C4244: '引数': 'float' から 'int' への変換です。データが失われる可能性があります。
C:\Users\vantan\Documents\GitHub\rizumuRPG\program\game\gm_ui.cpp(383,41): warning C4244: '引数': 'const float' から 'int' への変換です。データが失われる可能性があります。
C:\Users\vantan\Documents\GitHub\rizumuRPG\program\game\gm_ui.cpp(384,49): warning C4244: '引数': 'float' から 'int' への変換です。データが失われる可能性があります。
C:\Users\vantan\Documents\GitHub\rizumuRPG\program\game\gm_ui.cpp(384,41): warning C4244: '引数': 'const float' から 'int' への変換です。データが失われる可能性があります。
C:\Users\vantan\Documents\GitHub\rizumuRPG\program\game\gm_ui.cpp(385,49): warning C4244: '引数': 'float' から 'int' への変換です。データが失われる可能性があります。
C:\Users\vantan\Documents\GitHub\rizumuRPG\program\game\gm_ui.cpp(385,41): warning C4244: '引数': 'const float' から 'int' への変換です。データが失われる可能性があります。
C:\Users\vantan\Documents\GitHub\rizumuRPG\program\game\gm_ui.cpp(386,49): warning C4244: '引数': 'float' から 'int' への変換です。データが失われる可能性があります。
C:\Users\vantan\Documents\GitHub\rizumuRPG\program\game\gm_ui.cpp(386,41): warning C4244: '引数': 'const float' から 'int' への変換です。データが失われる可能性があります。
C:\Users\vantan\Documents\GitHub\rizumuRPG\program\game\gm_ui.cpp(387,49): warning C4244: '引数': 'float' から 'int' への変換です。データが失われる可能性があります。
C:\Users\vantan\Documents\GitHub\rizumuRPG\program\game\gm_ui.cpp(387,41): warning C4244: '引数': 'const float' から 'int' への変換です。データが失われる可能性があります。
C:\Users\vantan\Documents\GitHub\rizumuRPG\program\game\gm_ui.cpp(388,49): warning C4244: '引数': 'float' から 'int' への変換です。データが失われる可能性があります。
C:\Users\vantan\Documents\GitHub\rizumuRPG\program\game\gm_ui.cpp(388,41): warning C4244: '引数': 'const float' から 'int' への変換です。データが失われる可能性があります。
C:\Users\vantan\Documents\GitHub\rizumuRPG\program\game\gm_ui.cpp(390,30): warning C4244: '引数': 'float' から 'int' への変換です。データが失われる可能性があります。
C:\Users\vantan\Documents\GitHub\rizumuRPG\program\game\gm_ui.cpp(390,22): warning C4244: '引数': 'const float' から 'int' への変換です。データが失われる可能性があります。
C:\Users\vantan\Documents\GitHub\rizumuRPG\program\game\gm_ui.cpp(391,34): warning C4244: '引数': 'const float' から 'int' への変換です。データが失われる可能性があります。
C:\Users\vantan\Documents\GitHub\rizumuRPG\program\game\gm_ui.cpp(391,22): warning C4244: '引数': 'const float' から 'int' への変換です。データが失われる可能性があります。
C:\Users\vantan\Documents\GitHub\rizumuRPG\program\game\gm_ui.cpp(410,49): warning C4244: '引数': 'const float' から 'int' への変換です。データが失われる可能性があります。
C:\Users\vantan\Documents\GitHub\rizumuRPG\program\game\gm_ui.cpp(410,41): warning C4244: '引数': 'const float' から 'int' への変換です。データが失われる可能性があります。
C:\Users\vantan\Documents\GitHub\rizumuRPG\program\game\gm_ui.cpp(411,49): warning C4244: '引数': 'const float' から 'int' への変換です。データが失われる可能性があります。
C:\Users\vantan\Documents\GitHub\rizumuRPG\program\game\gm_ui.cpp(411,41): warning C4244: '引数': 'const float' から 'int' への変換です。データが失われる可能性があります。
C:\Users\vantan\Documents\GitHub\rizumuRPG\program\game\gm_ui.cpp(412,49): warning C4244: '引数': 'const float' から 'int' への変換です。データが失われる可能性があります。
C:\Users\vantan\Documents\GitHub\rizumuRPG\program\game\gm_ui.cpp(412,41): warning C4244: '引数': 'const float' から 'int' への変換です。データが失われる可能性があります。
C:\Users\vantan\Documents\GitHub\rizumuRPG\program\game\gm_ui.cpp(413,49): warning C4244: '引数': 'const float' から 'int' への変換です。データが失われる可能性があります。
C:\Users\vantan\Documents\GitHub\rizumuRPG\program\game\gm_ui.cpp(413,41): warning C4244: '引数': 'const float' から 'int' への変換です。データが失われる可能性があります。
C:\Users\vantan\Documents\GitHub\rizumuRPG\program\game\gm_ui.cpp(414,49): warning C4244: '引数': 'const float' から 'int' への変換です。データが失われる可能性があります。
C:\Users\vantan\Documents\GitHub\rizumuRPG\program\game\gm_ui.cpp(414,41): warning C4244: '引数': 'const float' から 'int' への変換です。データが失われる可能性があります。
C:\Users\vantan\Documents\GitHub\rizumuRPG\program\game\gm_ui.cpp(415,49): warning C4244: '引数': 'const float' から 'int' への変換です。データが失われる可能性があります。
C:\Users\vantan\Documents\GitHub\rizumuRPG\program\game\gm_ui.cpp(415,41): warning C4244: '引数': 'const float' から 'int' への変換です。データが失われる可能性があります。
C:\Users\vantan\Documents\GitHub\rizumuRPG\program\game\gm_ui.cpp(417,30): warning C4244: '引数': 'const float' から 'int' への変換です。データが失われる可能性があります。
C:\Users\vantan\Documents\GitHub\rizumuRPG\program\game\gm_ui.cpp(417,22): warning C4244: '引数': 'const float' から 'int' への変換です。データが失われる可能性があります。
C:\Users\vantan\Documents\GitHub\rizumuRPG\program\game\gm_ui.cpp(418,34): warning C4244: '引数': 'const float' から 'int' への変換です。データが失われる可能性があります。
C:\Users\vantan\Documents\GitHub\rizumuRPG\program\game\gm_ui.cpp(418,22): warning C4244: '引数': 'const float' から 'int' への変換です。データが失われる可能性があります。
  gm_airplane.cpp
  gm_anim_sprite3d.cpp
C:\Users\vantan\Documents\GitHub\rizumuRPG\program\game\model\gm_anim_sprite3d.cpp(15,20): warning C4018: '<': signed と unsigned の数値を比較しようとしました。
C:\Users\vantan\Documents\GitHub\rizumuRPG\program\game\model\gm_anim_sprite3d.cpp(61,42): warning C4267: '=': 'size_t' から 'uint32_t' に変換しました。データが失われているかもしれません。
C:\Users\vantan\Documents\GitHub\rizumuRPG\program\game\model\gm_anim_sprite3d.cpp(70,20): warning C4018: '<': signed と unsigned の数値を比較しようとしました。
  gm_model.cpp
C:\Users\vantan\Documents\GitHub\rizumuRPG\program\game\model\gm_model.cpp(19,32): warning C4267: '初期化中': 'size_t' から 'int' に変換しました。データが失われているかもしれません。
  gm_parts.cpp
  gm_object_attack.cpp
C:\Users\vantan\Documents\GitHub\rizumuRPG\program\game\gm_ui.h(92,43): warning C4244: '初期化中': 'float' から 'const int' への変換です。データが失われる可能性があります。
C:\Users\vantan\Documents\GitHub\rizumuRPG\program\game\gm_ui.h(97,40): warning C4244: '初期化中': 'float' から 'const int' への変換です。データが失われる可能性があります。
C:\Users\vantan\Documents\GitHub\rizumuRPG\program\game\gm_ui.h(98,41): warning C4244: '初期化中': 'float' から 'const int' への変換です。データが失われる可能性があります。
C:\Users\vantan\Documents\GitHub\rizumuRPG\program\game\gm_ui.h(103,40): warning C4244: '初期化中': 'float' から 'const int' への変換です。データが失われる可能性があります。
C:\Users\vantan\Documents\GitHub\rizumuRPG\program\game\gm_ui.h(104,41): warning C4244: '初期化中': 'float' から 'const int' への変換です。データが失われる可能性があります。
C:\Users\vantan\Documents\GitHub\rizumuRPG\program\game\gm_ui.h(117,43): warning C4244: '初期化中': 'float' から 'const int' への変換です。データが失われる可能性があります。
C:\Users\vantan\Documents\GitHub\rizumuRPG\program\game\gm_ui.h(118,43): warning C4244: '初期化中': 'float' から 'const int' への変換です。データが失われる可能性があります。
C:\Users\vantan\Documents\GitHub\rizumuRPG\program\game\gm_ui.h(119,43): warning C4244: '初期化中': 'float' から 'const int' への変換です。データが失われる可能性があります。
C:\Users\vantan\Documents\GitHub\rizumuRPG\program\game\gm_ui.h(120,43): warning C4244: '初期化中': 'float' から 'const int' への変換です。データが失われる可能性があります。
C:\Users\vantan\Documents\GitHub\rizumuRPG\program\game\gm_ui.h(121,43): warning C4244: '初期化中': 'float' から 'const int' への変換です。データが失われる可能性があります。
C:\Users\vantan\Documents\GitHub\rizumuRPG\program\game\gm_ui.h(122,43): warning C4244: '初期化中': 'float' から 'const int' への変換です。データが失われる可能性があります。
C:\Users\vantan\Documents\GitHub\rizumuRPG\program\game\gm_ui.h(123,43): warning C4244: '初期化中': 'float' から 'const int' への変換です。データが失われる可能性があります。
C:\Users\vantan\Documents\GitHub\rizumuRPG\program\game\gm_ui.h(124,43): warning C4244: '初期化中': 'float' から 'const int' への変換です。データが失われる可能性があります。
C:\Users\vantan\Documents\GitHub\rizumuRPG\program\game\gm_ui.h(125,41): warning C4244: '初期化中': 'float' から 'const int' への変換です。データが失われる可能性があります。
C:\Users\vantan\Documents\GitHub\rizumuRPG\program\game\gm_ui.h(127,42): warning C4244: '初期化中': 'float' から 'const int' への変換です。データが失われる可能性があります。
C:\Users\vantan\Documents\GitHub\rizumuRPG\program\game\gm_ui.h(128,42): warning C4244: '初期化中': 'float' から 'const int' への変換です。データが失われる可能性があります。
C:\Users\vantan\Documents\GitHub\rizumuRPG\program\game\gm_ui.h(129,48): warning C4244: '初期化中': 'float' から 'const int' への変換です。データが失われる可能性があります。
C:\Users\vantan\Documents\GitHub\rizumuRPG\program\game\gm_ui.h(130,48): warning C4244: '初期化中': 'float' から 'const int' への変換です。データが失われる可能性があります。
C:\Users\vantan\Documents\GitHub\rizumuRPG\program\game\gm_ui.h(147,47): warning C4244: '初期化中': 'float' から 'const int' への変換です。データが失われる可能性があります。
C:\Users\vantan\Documents\GitHub\rizumuRPG\program\game\gm_ui.h(148,46): warning C4244: '初期化中': 'float' から 'const int' への変換です。データが失われる可能性があります。
C:\Users\vantan\Documents\GitHub\rizumuRPG\program\game\gm_ui.h(152,46): warning C4244: '初期化中': 'float' から 'const int' への変換です。データが失われる可能性があります。
C:\Users\vantan\Documents\GitHub\rizumuRPG\program\game\gm_ui.h(168,44): warning C4244: '初期化中': 'float' から 'const int' への変換です。データが失われる可能性があります。
C:\Users\vantan\Documents\GitHub\rizumuRPG\program\game\object\gm_object_attack.cpp(77,13): warning C4244: '引数': 'const int' から 'float' への変換です。データが失われる可能性があります。
C:\Users\vantan\Documents\GitHub\rizumuRPG\program\game\object\gm_object_attack.cpp(110,10): warning C4244: '初期化中': 'int' から 'float' への変換です。データが失われる可能性があります。
C:\Users\vantan\Documents\GitHub\rizumuRPG\program\game\object\gm_object_attack.cpp(111,87): warning C4244: '=': 'float' から 'int' への変換です。データが失われる可能性があります。
C:\Users\vantan\Documents\GitHub\rizumuRPG\program\game\object\gm_object_attack.cpp(112,88): warning C4244: '=': 'float' から 'int' への変換です。データが失われる可能性があります。
  コンパイル中...
  gm_object_base.cpp
  gm_object_boss.cpp
C:\Users\vantan\Documents\GitHub\rizumuRPG\program\game\gm_ui.h(92,43): warning C4244: '初期化中': 'float' から 'const int' への変換です。データが失われる可能性があります。
C:\Users\vantan\Documents\GitHub\rizumuRPG\program\game\gm_ui.h(97,40): warning C4244: '初期化中': 'float' から 'const int' への変換です。データが失われる可能性があります。
C:\Users\vantan\Documents\GitHub\rizumuRPG\program\game\gm_ui.h(98,41): warning C4244: '初期化中': 'float' から 'const int' への変換です。データが失われる可能性があります。
C:\Users\vantan\Documents\GitHub\rizumuRPG\program\game\gm_ui.h(103,40): warning C4244: '初期化中': 'float' から 'const int' への変換です。データが失われる可能性があります。
C:\Users\vantan\Documents\GitHub\rizumuRPG\program\game\gm_ui.h(104,41): warning C4244: '初期化中': 'float' から 'const int' への変換です。データが失われる可能性があります。
C:\Users\vantan\Documents\GitHub\rizumuRPG\program\game\gm_ui.h(117,43): warning C4244: '初期化中': 'float' から 'const int' への変換です。データが失われる可能性があります。
C:\Users\vantan\Documents\GitHub\rizumuRPG\program\game\gm_ui.h(118,43): warning C4244: '初期化中': 'float' から 'const int' への変換です。データが失われる可能性があります。
C:\Users\vantan\Documents\GitHub\rizumuRPG\program\game\gm_ui.h(119,43): warning C4244: '初期化中': 'float' から 'const int' への変換です。データが失われる可能性があります。
C:\Users\vantan\Documents\GitHub\rizumuRPG\program\game\gm_ui.h(120,43): warning C4244: '初期化中': 'float' から 'const int' への変換です。データが失われる可能性があります。
C:\Users\vantan\Documents\GitHub\rizumuRPG\program\game\gm_ui.h(121,43): warning C4244: '初期化中': 'float' から 'const int' への変換です。データが失われる可能性があります。
C:\Users\vantan\Documents\GitHub\rizumuRPG\program\game\gm_ui.h(122,43): warning C4244: '初期化中': 'float' から 'const int' への変換です。データが失われる可能性があります。
C:\Users\vantan\Documents\GitHub\rizumuRPG\program\game\gm_ui.h(123,43): warning C4244: '初期化中': 'float' から 'const int' への変換です。データが失われる可能性があります。
C:\Users\vantan\Documents\GitHub\rizumuRPG\program\game\gm_ui.h(124,43): warning C4244: '初期化中': 'float' から 'const int' への変換です。データが失われる可能性があります。
C:\Users\vantan\Documents\GitHub\rizumuRPG\program\game\gm_ui.h(125,41): warning C4244: '初期化中': 'float' から 'const int' への変換です。データが失われる可能性があります。
C:\Users\vantan\Documents\GitHub\rizumuRPG\program\game\gm_ui.h(127,42): warning C4244: '初期化中': 'float' から 'const int' への変換です。データが失われる可能性があります。
C:\Users\vantan\Documents\GitHub\rizumuRPG\program\game\gm_ui.h(128,42): warning C4244: '初期化中': 'float' から 'const int' への変換です。データが失われる可能性があります。
C:\Users\vantan\Documents\GitHub\rizumuRPG\program\game\gm_ui.h(129,48): warning C4244: '初期化中': 'float' から 'const int' への変換です。データが失われる可能性があります。
C:\Users\vantan\Documents\GitHub\rizumuRPG\program\game\gm_ui.h(130,48): warning C4244: '初期化中': 'float' から 'const int' への変換です。データが失われる可能性があります。
C:\Users\vantan\Documents\GitHub\rizumuRPG\program\game\gm_ui.h(147,47): warning C4244: '初期化中': 'float' から 'const int' への変換です。データが失われる可能性があります。
C:\Users\vantan\Documents\GitHub\rizumuRPG\program\game\gm_ui.h(148,46): warning C4244: '初期化中': 'float' から 'const int' への変換です。データが失われる可能性があります。
C:\Users\vantan\Documents\GitHub\rizumuRPG\program\game\gm_ui.h(152,46): warning C4244: '初期化中': 'float' から 'const int' への変換です。データが失われる可能性があります。
C:\Users\vantan\Documents\GitHub\rizumuRPG\program\game\gm_ui.h(168,44): warning C4244: '初期化中': 'float' から 'const int' への変換です。データが失われる可能性があります。
C:\Users\vantan\Documents\GitHub\rizumuRPG\program\game\object\gm_object_boss.cpp(1026,13): warning C4244: '引数': 'const int' から 'float' への変換です。データが失われる可能性があります。
C:\Users\vantan\Documents\GitHub\rizumuRPG\program\game\object\gm_object_boss.cpp(1035,13): warning C4244: '引数': 'const int' から 'float' への変換です。データが失われる可能性があります。
C:\Users\vantan\Documents\GitHub\rizumuRPG\program\game\object\gm_object_boss.cpp(1045,13): warning C4244: '引数': 'const int' から 'float' への変換です。データが失われる可能性があります。
C:\Users\vantan\Documents\GitHub\rizumuRPG\program\game\object\gm_object_boss.cpp(1055,13): warning C4244: '引数': 'const int' から 'float' への変換です。データが失われる可能性があります。
C:\Users\vantan\Documents\GitHub\rizumuRPG\program\game\object\gm_object_boss.cpp(1073,13): warning C4244: '引数': 'const int' から 'float' への変換です。データが失われる可能性があります。
C:\Users\vantan\Documents\GitHub\rizumuRPG\program\game\object\gm_object_boss.cpp(1083,13): warning C4244: '引数': 'const int' から 'float' への変換です。データが失われる可能性があります。
C:\Users\vantan\Documents\GitHub\rizumuRPG\program\game\object\gm_object_boss.cpp(1093,13): warning C4244: '引数': 'const int' から 'float' への変換です。データが失われる可能性があります。
  gm_object_effect.cpp
  gm_object_enemy.cpp
C:\Users\vantan\Documents\GitHub\rizumuRPG\program\game\gm_ui.h(92,43): warning C4244: '初期化中': 'float' から 'const int' への変換です。データが失われる可能性があります。
C:\Users\vantan\Documents\GitHub\rizumuRPG\program\game\gm_ui.h(97,40): warning C4244: '初期化中': 'float' から 'const int' への変換です。データが失われる可能性があります。
C:\Users\vantan\Documents\GitHub\rizumuRPG\program\game\gm_ui.h(98,41): warning C4244: '初期化中': 'float' から 'const int' への変換です。データが失われる可能性があります。
C:\Users\vantan\Documents\GitHub\rizumuRPG\program\game\gm_ui.h(103,40): warning C4244: '初期化中': 'float' から 'const int' への変換です。データが失われる可能性があります。
C:\Users\vantan\Documents\GitHub\rizumuRPG\program\game\gm_ui.h(104,41): warning C4244: '初期化中': 'float' から 'const int' への変換です。データが失われる可能性があります。
C:\Users\vantan\Documents\GitHub\rizumuRPG\program\game\gm_ui.h(117,43): warning C4244: '初期化中': 'float' から 'const int' への変換です。データが失われる可能性があります。
C:\Users\vantan\Documents\GitHub\rizumuRPG\program\game\gm_ui.h(118,43): warning C4244: '初期化中': 'float' から 'const int' への変換です。データが失われる可能性があります。
C:\Users\vantan\Documents\GitHub\rizumuRPG\program\game\gm_ui.h(119,43): warning C4244: '初期化中': 'float' から 'const int' への変換です。データが失われる可能性があります。
C:\Users\vantan\Documents\GitHub\rizumuRPG\program\game\gm_ui.h(120,43): warning C4244: '初期化中': 'float' から 'const int' への変換です。データが失われる可能性があります。
C:\Users\vantan\Documents\GitHub\rizumuRPG\program\game\gm_ui.h(121,43): warning C4244: '初期化中': 'float' から 'const int' への変換です。データが失われる可能性があります。
C:\Users\vantan\Documents\GitHub\rizumuRPG\program\game\gm_ui.h(122,43): warning C4244: '初期化中': 'float' から 'const int' への変換です。データが失われる可能性があります。
C:\Users\vantan\Documents\GitHub\rizumuRPG\program\game\gm_ui.h(123,43): warning C4244: '初期化中': 'float' から 'const int' への変換です。データが失われる可能性があります。
C:\Users\vantan\Documents\GitHub\rizumuRPG\program\game\gm_ui.h(124,43): warning C4244: '初期化中': 'float' から 'const int' への変換です。データが失われる可能性があります。
C:\Users\vantan\Documents\GitHub\rizumuRPG\program\game\gm_ui.h(125,41): warning C4244: '初期化中': 'float' から 'const int' への変換です。データが失われる可能性があります。
C:\Users\vantan\Documents\GitHub\rizumuRPG\program\game\gm_ui.h(127,42): warning C4244: '初期化中': 'float' から 'const int' への変換です。データが失われる可能性があります。
C:\Users\vantan\Documents\GitHub\rizumuRPG\program\game\gm_ui.h(128,42): warning C4244: '初期化中': 'float' から 'const int' への変換です。データが失われる可能性があります。
C:\Users\vantan\Documents\GitHub\rizumuRPG\program\game\gm_ui.h(129,48): warning C4244: '初期化中': 'float' から 'const int' への変換です。データが失われる可能性があります。
C:\Users\vantan\Documents\GitHub\rizumuRPG\program\game\gm_ui.h(130,48): warning C4244: '初期化中': 'float' から 'const int' への変換です。データが失われる可能性があります。
C:\Users\vantan\Documents\GitHub\rizumuRPG\program\game\gm_ui.h(147,47): warning C4244: '初期化中': 'float' から 'const int' への変換です。データが失われる可能性があります。
C:\Users\vantan\Documents\GitHub\rizumuRPG\program\game\gm_ui.h(148,46): warning C4244: '初期化中': 'float' から 'const int' への変換です。データが失われる可能性があります。
C:\Users\vantan\Documents\GitHub\rizumuRPG\program\game\gm_ui.h(152,46): warning C4244: '初期化中': 'float' から 'const int' への変換です。データが失われる可能性があります。
C:\Users\vantan\Documents\GitHub\rizumuRPG\program\game\gm_ui.h(168,44): warning C4244: '初期化中': 'float' から 'const int' への変換です。データが失われる可能性があります。
C:\Users\vantan\Documents\GitHub\rizumuRPG\program\game\object\gm_object_enemy.cpp(38,13): warning C4244: '引数': 'const int' から 'float' への変換です。データが失われる可能性があります。
C:\Users\vantan\Documents\GitHub\rizumuRPG\program\game\object\gm_object_enemy.cpp(93,49): warning C4244: '+=': 'float' から 'int' への変換です。データが失われる可能性があります。
C:\Users\vantan\Documents\GitHub\rizumuRPG\program\game\object\gm_object_enemy.cpp(105,21): warning C4244: '+=': 'float' から 'int' への変換です。データが失われる可能性があります。
C:\Users\vantan\Documents\GitHub\rizumuRPG\program\game\object\gm_object_enemy.cpp(137,49): warning C4244: '+=': 'float' から 'int' への変換です。データが失われる可能性があります。
C:\Users\vantan\Documents\GitHub\rizumuRPG\program\game\object\gm_object_enemy.cpp(148,21): warning C4244: '+=': 'float' から 'int' への変換です。データが失われる可能性があります。
C:\Users\vantan\Documents\GitHub\rizumuRPG\program\game\object\gm_object_enemy.cpp(176,13): warning C4244: '引数': 'const int' から 'float' への変換です。データが失われる可能性があります。
C:\Users\vantan\Documents\GitHub\rizumuRPG\program\game\object\gm_object_enemy.cpp(191,42): warning C4244: '引数': 'const int' から 'float' への変換です。データが失われる可能性があります。
C:\Users\vantan\Documents\GitHub\rizumuRPG\program\game\object\gm_object_enemy.cpp(194,14): warning C4244: '引数': 'const int' から 'float' への変換です。データが失われる可能性があります。
C:\Users\vantan\Documents\GitHub\rizumuRPG\program\game\object\gm_object_enemy.cpp(207,13): warning C4244: '引数': 'const int' から 'float' への変換です。データが失われる可能性があります。
C:\Users\vantan\Documents\GitHub\rizumuRPG\program\game\object\gm_object_enemy.cpp(221,19): warning C4244: '引数': 'const int' から 'float' への変換です。データが失われる可能性があります。
C:\Users\vantan\Documents\GitHub\rizumuRPG\program\game\object\gm_object_enemy.cpp(224,14): warning C4244: '引数': 'const int' から 'float' への変換です。データが失われる可能性があります。
C:\Users\vantan\Documents\GitHub\rizumuRPG\program\game\object\gm_object_enemy.cpp(239,19): warning C4244: '引数': 'const int' から 'float' への変換です。データが失われる可能性があります。
C:\Users\vantan\Documents\GitHub\rizumuRPG\program\game\object\gm_object_enemy.cpp(244,42): warning C4244: '引数': 'const int' から 'float' への変換です。データが失われる可能性があります。
C:\Users\vantan\Documents\GitHub\rizumuRPG\program\game\object\gm_object_enemy.cpp(247,14): warning C4244: '引数': 'const int' から 'float' への変換です。データが失われる可能性があります。
C:\Users\vantan\Documents\GitHub\rizumuRPG\program\game\object\gm_object_enemy.cpp(261,13): warning C4244: '引数': 'const int' から 'float' への変換です。データが失われる可能性があります。
C:\Users\vantan\Documents\GitHub\rizumuRPG\program\game\object\gm_object_enemy.cpp(272,13): warning C4244: '引数': 'const int' から 'float' への変換です。データが失われる可能性があります。
C:\Users\vantan\Documents\GitHub\rizumuRPG\program\game\object\gm_object_enemy.cpp(287,42): warning C4244: '引数': 'const int' から 'float' への変換です。データが失われる可能性があります。
C:\Users\vantan\Documents\GitHub\rizumuRPG\program\game\object\gm_object_enemy.cpp(290,14): warning C4244: '引数': 'const int' から 'float' への変換です。データが失われる可能性があります。
C:\Users\vantan\Documents\GitHub\rizumuRPG\program\game\object\gm_object_enemy.cpp(304,13): warning C4244: '引数': 'const int' から 'float' への変換です。データが失われる可能性があります。
C:\Users\vantan\Documents\GitHub\rizumuRPG\program\game\object\gm_object_enemy.cpp(318,19): warning C4244: '引数': 'const int' から 'float' への変換です。データが失われる可能性があります。
C:\Users\vantan\Documents\GitHub\rizumuRPG\program\game\object\gm_object_enemy.cpp(321,14): warning C4244: '引数': 'const int' から 'float' への変換です。データが失われる可能性があります。
C:\Users\vantan\Documents\GitHub\rizumuRPG\program\game\object\gm_object_enemy.cpp(336,19): warning C4244: '引数': 'const int' から 'float' への変換です。データが失われる可能性があります。
C:\Users\vantan\Documents\GitHub\rizumuRPG\program\game\object\gm_object_enemy.cpp(341,42): warning C4244: '引数': 'const int' から 'float' への変換です。データが失われる可能性があります。
C:\Users\vantan\Documents\GitHub\rizumuRPG\program\game\object\gm_object_enemy.cpp(344,14): warning C4244: '引数': 'const int' から 'float' への変換です。データが失われる可能性があります。
C:\Users\vantan\Documents\GitHub\rizumuRPG\program\game\object\gm_object_enemy.cpp(358,13): warning C4244: '引数': 'const int' から 'float' への変換です。データが失われる可能性があります。
C:\Users\vantan\Documents\GitHub\rizumuRPG\program\game\object\gm_object_enemy.cpp(369,13): warning C4244: '引数': 'const int' から 'float' への変換です。データが失われる可能性があります。
C:\Users\vantan\Documents\GitHub\rizumuRPG\program\game\object\gm_object_enemy.cpp(384,42): warning C4244: '引数': 'const int' から 'float' への変換です。データが失われる可能性があります。
C:\Users\vantan\Documents\GitHub\rizumuRPG\program\game\object\gm_object_enemy.cpp(387,14): warning C4244: '引数': 'const int' から 'float' への変換です。データが失われる可能性があります。
C:\Users\vantan\Documents\GitHub\rizumuRPG\program\game\object\gm_object_enemy.cpp(400,13): warning C4244: '引数': 'const int' から 'float' への変換です。データが失われる可能性があります。
C:\Users\vantan\Documents\GitHub\rizumuRPG\program\game\object\gm_object_enemy.cpp(414,19): warning C4244: '引数': 'const int' から 'float' への変換です。データが失われる可能性があります。
C:\Users\vantan\Documents\GitHub\rizumuRPG\program\game\object\gm_object_enemy.cpp(417,14): warning C4244: '引数': 'const int' から 'float' への変換です。データが失われる可能性があります。
C:\Users\vantan\Documents\GitHub\rizumuRPG\program\game\object\gm_object_enemy.cpp(429,13): warning C4244: '引数': 'const int' から 'float' への変換です。データが失われる可能性があります。
C:\Users\vantan\Documents\GitHub\rizumuRPG\program\game\object\gm_object_enemy.cpp(445,42): warning C4244: '引数': 'const int' から 'float' への変換です。データが失われる可能性があります。
C:\Users\vantan\Documents\GitHub\rizumuRPG\program\game\object\gm_object_enemy.cpp(448,14): warning C4244: '引数': 'const int' から 'float' への変換です。データが失われる可能性があります。
C:\Users\vantan\Documents\GitHub\rizumuRPG\program\game\object\gm_object_enemy.cpp(461,13): warning C4244: '引数': 'const int' から 'float' への変換です。データが失われる可能性があります。
C:\Users\vantan\Documents\GitHub\rizumuRPG\program\game\object\gm_object_enemy.cpp(479,19): warning C4244: '引数': 'const int' から 'float' への変換です。データが失われる可能性があります。
C:\Users\vantan\Documents\GitHub\rizumuRPG\program\game\object\gm_object_enemy.cpp(483,19): warning C4244: '引数': 'const int' から 'float' への変換です。データが失われる可能性があります。
C:\Users\vantan\Documents\GitHub\rizumuRPG\program\game\object\gm_object_enemy.cpp(486,14): warning C4244: '引数': 'const int' から 'float' への変換です。データが失われる可能性があります。
C:\Users\vantan\Documents\GitHub\rizumuRPG\program\game\object\gm_object_enemy.cpp(501,19): warning C4244: '引数': 'const int' から 'float' への変換です。データが失われる可能性があります。
C:\Users\vantan\Documents\GitHub\rizumuRPG\program\game\object\gm_object_enemy.cpp(507,42): warning C4244: '引数': 'const int' から 'float' への変換です。データが失われる可能性があります。
C:\Users\vantan\Documents\GitHub\rizumuRPG\program\game\object\gm_object_enemy.cpp(510,14): warning C4244: '引数': 'const int' から 'float' への変換です。データが失われる可能性があります。
C:\Users\vantan\Documents\GitHub\rizumuRPG\program\game\object\gm_object_enemy.cpp(524,13): warning C4244: '引数': 'const int' から 'float' への変換です。データが失われる可能性があります。
  gm_object_ground.cpp
C:\Users\vantan\Documents\GitHub\rizumuRPG\program\game\object\gm_object_ground.cpp(16,45): warning C4244: '=': 'const int' から 'float' への変換です。データが失われる可能性があります。
  gm_object_actor.cpp
  gm_object_player.cpp
  gm_scene_field.cpp
C:\Users\vantan\Documents\GitHub\rizumuRPG\program\game\scene\gm_scene_field.cpp(234,33): warning C4244: '引数': 'const int' から 'const float' への変換です。データが失われる可能性があります。
C:\Users\vantan\Documents\GitHub\rizumuRPG\program\game\scene\gm_scene_field.cpp(252,11): warning C4244: '初期化中': 'double' から 'float' への変換です。データが失われる可能性があります。
C:\Users\vantan\Documents\GitHub\rizumuRPG\program\game\scene\gm_scene_field.cpp(253,11): warning C4244: '初期化中': 'double' から 'float' への変換です。データが失われる可能性があります。
C:\Users\vantan\Documents\GitHub\rizumuRPG\program\game\scene\gm_scene_field.cpp(259,11): warning C4244: '初期化中': 'double' から 'float' への変換です。データが失われる可能性があります。
C:\Users\vantan\Documents\GitHub\rizumuRPG\program\game\scene\gm_scene_field.cpp(260,11): warning C4244: '初期化中': 'double' から 'float' への変換です。データが失われる可能性があります。
  gm_scene_map.cpp
C:\Users\vantan\Documents\GitHub\rizumuRPG\program\game\scene\gm_scene_map.cpp(104,24): warning C4244: '引数': 'const float' から 'int' への変換です。データが失われる可能性があります。
C:\Users\vantan\Documents\GitHub\rizumuRPG\program\game\scene\gm_scene_map.cpp(104,16): warning C4244: '引数': 'const float' から 'int' への変換です。データが失われる可能性があります。
C:\Users\vantan\Documents\GitHub\rizumuRPG\program\game\scene\gm_scene_map.cpp(105,46): warning C4244: '引数': 'const float' から 'int' への変換です。データが失われる可能性があります。
C:\Users\vantan\Documents\GitHub\rizumuRPG\program\game\scene\gm_scene_map.cpp(105,35): warning C4244: '引数': 'const float' から 'int' への変換です。データが失われる可能性があります。
C:\Users\vantan\Documents\GitHub\rizumuRPG\program\game\scene\gm_scene_map.cpp(105,24): warning C4244: '引数': 'const float' から 'int' への変換です。データが失われる可能性があります。
C:\Users\vantan\Documents\GitHub\rizumuRPG\program\game\scene\gm_scene_map.cpp(105,13): warning C4244: '引数': 'const float' から 'int' への変換です。データが失われる可能性があります。
C:\Users\vantan\Documents\GitHub\rizumuRPG\program\game\scene\gm_scene_map.cpp(106,37): warning C4244: '引数': 'const float' から 'int' への変換です。データが失われる可能性があります。
C:\Users\vantan\Documents\GitHub\rizumuRPG\program\game\scene\gm_scene_map.cpp(106,29): warning C4244: '引数': 'const float' から 'int' への変換です。データが失われる可能性があります。
C:\Users\vantan\Documents\GitHub\rizumuRPG\program\game\scene\gm_scene_map.cpp(106,21): warning C4244: '引数': 'const float' から 'int' への変換です。データが失われる可能性があります。
C:\Users\vantan\Documents\GitHub\rizumuRPG\program\game\scene\gm_scene_map.cpp(106,13): warning C4244: '引数': 'const float' から 'int' への変換です。データが失われる可能性があります。
C:\Users\vantan\Documents\GitHub\rizumuRPG\program\game\scene\gm_scene_map.cpp(107,27): warning C4244: '引数': 'float' から 'int' への変換です。データが失われる可能性があります。
C:\Users\vantan\Documents\GitHub\rizumuRPG\program\game\scene\gm_scene_map.cpp(107,16): warning C4244: '引数': 'float' から 'int' への変換です。データが失われる可能性があります。
C:\Users\vantan\Documents\GitHub\rizumuRPG\program\game\scene\gm_scene_map.cpp(177,46): warning C4244: '引数': 'float' から 'int' への変換です。データが失われる可能性があります。
C:\Users\vantan\Documents\GitHub\rizumuRPG\program\game\scene\gm_scene_map.cpp(177,33): warning C4244: '引数': 'float' から 'int' への変換です。データが失われる可能性があります。
C:\Users\vantan\Documents\GitHub\rizumuRPG\program\game\scene\gm_scene_map.cpp(179,34): warning C4244: '引数': 'const float' から 'int' への変換です。データが失われる可能性があります。
C:\Users\vantan\Documents\GitHub\rizumuRPG\program\game\scene\gm_scene_map.cpp(179,22): warning C4244: '引数': 'const float' から 'int' への変換です。データが失われる可能性があります。
C:\Users\vantan\Documents\GitHub\rizumuRPG\program\game\scene\gm_scene_map.cpp(180,38): warning C4244: '引数': 'const float' から 'int' への変換です。データが失われる可能性があります。
C:\Users\vantan\Documents\GitHub\rizumuRPG\program\game\scene\gm_scene_map.cpp(180,28): warning C4244: '引数': 'const float' から 'int' への変換です。データが失われる可能性があります。
C:\Users\vantan\Documents\GitHub\rizumuRPG\program\game\scene\gm_scene_map.cpp(181,27): warning C4244: '引数': 'const float' から 'int' への変換です。データが失われる可能性があります。
C:\Users\vantan\Documents\GitHub\rizumuRPG\program\game\scene\gm_scene_map.cpp(181,17): warning C4244: '引数': 'const float' から 'int' への変換です。データが失われる可能性があります。
C:\Users\vantan\Documents\GitHub\rizumuRPG\program\game\scene\gm_scene_map.cpp(185,46): warning C4244: '引数': 'float' から 'int' への変換です。データが失われる可能性があります。
C:\Users\vantan\Documents\GitHub\rizumuRPG\program\game\scene\gm_scene_map.cpp(185,33): warning C4244: '引数': 'float' から 'int' への変換です。データが失われる可能性があります。
C:\Users\vantan\Documents\GitHub\rizumuRPG\program\game\scene\gm_scene_map.cpp(187,34): warning C4244: '引数': 'const float' から 'int' への変換です。データが失われる可能性があります。
C:\Users\vantan\Documents\GitHub\rizumuRPG\program\game\scene\gm_scene_map.cpp(187,22): warning C4244: '引数': 'const float' から 'int' への変換です。データが失われる可能性があります。
C:\Users\vantan\Documents\GitHub\rizumuRPG\program\game\scene\gm_scene_map.cpp(188,26): warning C4244: '引数': 'const float' から 'int' への変換です。データが失われる可能性があります。
C:\Users\vantan\Documents\GitHub\rizumuRPG\program\game\scene\gm_scene_map.cpp(188,17): warning C4244: '引数': 'const float' から 'int' への変換です。データが失われる可能性があります。
C:\Users\vantan\Documents\GitHub\rizumuRPG\program\game\scene\gm_scene_map.cpp(191,31): warning C4244: '引数': 'const float' から 'int' への変換です。データが失われる可能性があります。
C:\Users\vantan\Documents\GitHub\rizumuRPG\program\game\scene\gm_scene_map.cpp(191,21): warning C4244: '引数': 'const float' から 'int' への変換です。データが失われる可能性があります。
  gm_scene_play.cpp
C:\Users\vantan\Documents\GitHub\rizumuRPG\program\game\gm_ui.h(92,43): warning C4244: '初期化中': 'float' から 'const int' への変換です。データが失われる可能性があります。
C:\Users\vantan\Documents\GitHub\rizumuRPG\program\game\gm_ui.h(97,40): warning C4244: '初期化中': 'float' から 'const int' への変換です。データが失われる可能性があります。
C:\Users\vantan\Documents\GitHub\rizumuRPG\program\game\gm_ui.h(98,41): warning C4244: '初期化中': 'float' から 'const int' への変換です。データが失われる可能性があります。
C:\Users\vantan\Documents\GitHub\rizumuRPG\program\game\gm_ui.h(103,40): warning C4244: '初期化中': 'float' から 'const int' への変換です。データが失われる可能性があります。
C:\Users\vantan\Documents\GitHub\rizumuRPG\program\game\gm_ui.h(104,41): warning C4244: '初期化中': 'float' から 'const int' への変換です。データが失われる可能性があります。
C:\Users\vantan\Documents\GitHub\rizumuRPG\program\game\gm_ui.h(117,43): warning C4244: '初期化中': 'float' から 'const int' への変換です。データが失われる可能性があります。
C:\Users\vantan\Documents\GitHub\rizumuRPG\program\game\gm_ui.h(118,43): warning C4244: '初期化中': 'float' から 'const int' への変換です。データが失われる可能性があります。
C:\Users\vantan\Documents\GitHub\rizumuRPG\program\game\gm_ui.h(119,43): warning C4244: '初期化中': 'float' から 'const int' への変換です。データが失われる可能性があります。
C:\Users\vantan\Documents\GitHub\rizumuRPG\program\game\gm_ui.h(120,43): warning C4244: '初期化中': 'float' から 'const int' への変換です。データが失われる可能性があります。
C:\Users\vantan\Documents\GitHub\rizumuRPG\program\game\gm_ui.h(121,43): warning C4244: '初期化中': 'float' から 'const int' への変換です。データが失われる可能性があります。
C:\Users\vantan\Documents\GitHub\rizumuRPG\program\game\gm_ui.h(122,43): warning C4244: '初期化中': 'float' から 'const int' への変換です。データが失われる可能性があります。
C:\Users\vantan\Documents\GitHub\rizumuRPG\program\game\gm_ui.h(123,43): warning C4244: '初期化中': 'float' から 'const int' への変換です。データが失われる可能性があります。
C:\Users\vantan\Documents\GitHub\rizumuRPG\program\game\gm_ui.h(124,43): warning C4244: '初期化中': 'float' から 'const int' への変換です。データが失われる可能性があります。
C:\Users\vantan\Documents\GitHub\rizumuRPG\program\game\gm_ui.h(125,41): warning C4244: '初期化中': 'float' から 'const int' への変換です。データが失われる可能性があります。
C:\Users\vantan\Documents\GitHub\rizumuRPG\program\game\gm_ui.h(127,42): warning C4244: '初期化中': 'float' から 'const int' への変換です。データが失われる可能性があります。
C:\Users\vantan\Documents\GitHub\rizumuRPG\program\game\gm_ui.h(128,42): warning C4244: '初期化中': 'float' から 'const int' への変換です。データが失われる可能性があります。
C:\Users\vantan\Documents\GitHub\rizumuRPG\program\game\gm_ui.h(129,48): warning C4244: '初期化中': 'float' から 'const int' への変換です。データが失われる可能性があります。
C:\Users\vantan\Documents\GitHub\rizumuRPG\program\game\gm_ui.h(130,48): warning C4244: '初期化中': 'float' から 'const int' への変換です。データが失われる可能性があります。
C:\Users\vantan\Documents\GitHub\rizumuRPG\program\game\gm_ui.h(147,47): warning C4244: '初期化中': 'float' から 'const int' への変換です。データが失われる可能性があります。
C:\Users\vantan\Documents\GitHub\rizumuRPG\program\game\gm_ui.h(148,46): warning C4244: '初期化中': 'float' から 'const int' への変換です。データが失われる可能性があります。
C:\Users\vantan\Documents\GitHub\rizumuRPG\program\game\gm_ui.h(152,46): warning C4244: '初期化中': 'float' から 'const int' への変換です。データが失われる可能性があります。
C:\Users\vantan\Documents\GitHub\rizumuRPG\program\game\gm_ui.h(168,44): warning C4244: '初期化中': 'float' から 'const int' への変換です。データが失われる可能性があります。
  gm_scene_result.cpp
  gm_scene_title.cpp
  tnl_font_texture.cpp
  tnl_input.cpp
  tnl_intersect.cpp
  tnl_json.cpp
  tnl_math.cpp
C:\Users\vantan\Documents\GitHub\rizumuRPG\program\library\tnl_math.cpp(77,82): warning C4244: '引数': 'float' から 'const int' への変換です。データが失われる可能性があります。
C:\Users\vantan\Documents\GitHub\rizumuRPG\program\library\tnl_math.cpp(77,67): warning C4244: '引数': 'float' から 'const int' への変換です。データが失われる可能性があります。
C:\Users\vantan\Documents\GitHub\rizumuRPG\program\library\tnl_math.cpp(370,25): warning C4267: 'return': 'size_t' から 'int' に変換しました。データが失われているかもしれません。
  tnl_matrix.cpp
  tnl_quaternion.cpp
  tnl_seek_unit.cpp
  コンパイル中...
  tnl_util.cpp
  tnl_vector.cpp
  sys_main.cpp
  コード生成しています。
  Previous IPDB not found, fall back to full compilation.
C:\Users\vantan\Documents\GitHub\rizumuRPG\program\library\tnl_math.cpp(280): warning C4715: 'tnl::GetCorrectPositionIntersectAABB': 値を返さないコントロール パスがあります。
  All 3481 functions were compiled because no usable IPDB/IOBJ from previous compilation was found.
  コード生成が終了しました。
  dx_game.vcxproj -> C:\Users\vantan\Documents\GitHub\rizumuRPG\x64\Release\dx_game.exe
